10:03:27:221  INFO 27072 --- [main] com.hmall.pay.PayApplication             : Starting PayApplication using Java 11.0.6 on DESKTOP-0MIP88E with PID 27072 (C:\Users\xiaoyy\Desktop\hmmall\hmall\pay-service\target\classes started by xiaoyy in C:\Users\xiaoyy\Desktop\hmmall\hmall)
10:03:27:226 DEBUG 27072 --- [main] com.hmall.pay.PayApplication             : Running with Spring Boot v2.7.12, Spring v5.3.27
10:03:27:228  INFO 27072 --- [main] com.hmall.pay.PayApplication             : The following 1 profile is active: "local"
10:03:28:630  INFO 27072 --- [main] o.s.cloud.context.scope.GenericScope     : BeanFactory id=eeb652eb-5643-3d11-ac64-4360d310fe77
10:03:28:928  INFO 27072 --- [main] o.s.b.w.embedded.tomcat.TomcatWebServer  : Tomcat initialized with port(s): 8086 (http)
10:03:28:940  INFO 27072 --- [main] o.apache.catalina.core.StandardService   : Starting service [Tomcat]
10:03:28:940  INFO 27072 --- [main] org.apache.catalina.core.StandardEngine  : Starting Servlet engine: [Apache Tomcat/9.0.75]
10:03:29:057  INFO 27072 --- [main] o.a.c.c.C.[Tomcat].[localhost].[/]       : Initializing Spring embedded WebApplicationContext
10:03:29:057  INFO 27072 --- [main] w.s.c.ServletWebServerApplicationContext : Root WebApplicationContext: initialization completed in 1740 ms
10:03:29:232  INFO 27072 --- [main] o.s.c.openfeign.FeignClientFactoryBean   : For 'user-service' URL not provided. Will try picking an instance via load-balancing.
10:03:29:278  INFO 27072 --- [main] o.s.c.openfeign.FeignClientFactoryBean   : For 'trade-service' URL not provided. Will try picking an instance via load-balancing.
10:03:30:699  INFO 27072 --- [main] pertySourcedRequestMappingHandlerMapping : Mapped URL path [/v2/api-docs] onto method [springfox.documentation.swagger2.web.Swagger2ControllerWebMvc#getDocumentation(String, HttpServletRequest)]
10:03:31:119  INFO 27072 --- [main] com.alibaba.nacos.common.remote.client   : [RpcClientFactory] create a new rpc client of a5d89722-430f-4dc5-979b-6f3129ceffce
10:03:31:160  INFO 27072 --- [main] org.reflections.Reflections              : Reflections took 22 ms to scan 1 urls, producing 3 keys and 6 values 
10:03:31:182  INFO 27072 --- [main] org.reflections.Reflections              : Reflections took 6 ms to scan 1 urls, producing 4 keys and 9 values 
10:03:31:190  INFO 27072 --- [main] org.reflections.Reflections              : Reflections took 6 ms to scan 1 urls, producing 3 keys and 10 values 
10:03:31:193  WARN 27072 --- [main] org.reflections.Reflections              : given scan urls are empty. set urls in the configuration
10:03:31:199  INFO 27072 --- [main] org.reflections.Reflections              : Reflections took 6 ms to scan 1 urls, producing 1 keys and 5 values 
10:03:31:217  INFO 27072 --- [main] org.reflections.Reflections              : Reflections took 15 ms to scan 1 urls, producing 1 keys and 7 values 
10:03:31:223  INFO 27072 --- [main] org.reflections.Reflections              : Reflections took 4 ms to scan 1 urls, producing 2 keys and 8 values 
10:03:31:225  WARN 27072 --- [main] org.reflections.Reflections              : given scan urls are empty. set urls in the configuration
10:03:31:226  INFO 27072 --- [main] com.alibaba.nacos.common.remote.client   : [a5d89722-430f-4dc5-979b-6f3129ceffce] RpcClient init label, labels = {module=naming, source=sdk}
10:03:31:228  INFO 27072 --- [main] com.alibaba.nacos.common.remote.client   : [a5d89722-430f-4dc5-979b-6f3129ceffce] RpcClient init, ServerListFactory = com.alibaba.nacos.client.naming.core.ServerListManager
10:03:31:228  INFO 27072 --- [main] com.alibaba.nacos.common.remote.client   : [a5d89722-430f-4dc5-979b-6f3129ceffce] Registry connection listener to current client:com.alibaba.nacos.client.naming.remote.gprc.redo.NamingGrpcRedoService
10:03:31:229  INFO 27072 --- [main] com.alibaba.nacos.common.remote.client   : [a5d89722-430f-4dc5-979b-6f3129ceffce] Register server push request handler:com.alibaba.nacos.client.naming.remote.gprc.NamingPushRequestHandler
10:03:31:230  INFO 27072 --- [main] com.alibaba.nacos.common.remote.client   : [a5d89722-430f-4dc5-979b-6f3129ceffce] Try to connect to server on start up, server: {serverIp = '192.168.200.132', server main port = 8848}
10:03:32:493  INFO 27072 --- [main] com.alibaba.nacos.common.remote.client   : [a5d89722-430f-4dc5-979b-6f3129ceffce] Success to connect to server [192.168.200.132:8848] on start up, connectionId = 1709863408127_192.168.200.1_57728
10:03:32:495  INFO 27072 --- [main] com.alibaba.nacos.common.remote.client   : [a5d89722-430f-4dc5-979b-6f3129ceffce] Register server push request handler:com.alibaba.nacos.common.remote.client.RpcClient$ConnectResetRequestHandler
10:03:32:494  INFO 27072 --- [com.alibaba.nacos.client.remote.worker] com.alibaba.nacos.common.remote.client   : [a5d89722-430f-4dc5-979b-6f3129ceffce] Notify connected event to listeners.
10:03:32:496  INFO 27072 --- [main] com.alibaba.nacos.common.remote.client   : [a5d89722-430f-4dc5-979b-6f3129ceffce] Register server push request handler:com.alibaba.nacos.common.remote.client.RpcClient$$Lambda$977/0x000000080073fc40
10:03:32:543  INFO 27072 --- [main] o.s.b.w.embedded.tomcat.TomcatWebServer  : Tomcat started on port(s): 8086 (http) with context path ''
10:03:32:554  INFO 27072 --- [main] c.a.c.n.registry.NacosServiceRegistry    : nacos registry, DEFAULT_GROUP pay-service 192.168.200.1:8086 register finished
10:03:32:827  INFO 27072 --- [main] d.s.w.p.DocumentationPluginsBootstrapper : Documentation plugins bootstrapped
10:03:32:830  INFO 27072 --- [main] d.s.w.p.DocumentationPluginsBootstrapper : Found 1 custom documentation plugin(s)
10:03:32:852  INFO 27072 --- [main] s.d.s.w.s.ApiListingReferenceScanner     : Scanning for api listing references
10:03:32:923  INFO 27072 --- [main] com.hmall.pay.PayApplication             : Started PayApplication in 6.867 seconds (JVM running for 9.313)
10:03:33:073  INFO 27072 --- [nacos-grpc-client-executor-9] com.alibaba.nacos.common.remote.client   : [a5d89722-430f-4dc5-979b-6f3129ceffce] Receive server push request, request = NotifySubscriberRequest, requestId = 23
10:03:33:076  INFO 27072 --- [nacos-grpc-client-executor-9] com.alibaba.nacos.common.remote.client   : [a5d89722-430f-4dc5-979b-6f3129ceffce] Ack server push request, request = NotifySubscriberRequest, requestId = 23
10:03:45:014  INFO 27072 --- [http-nio-8086-exec-1] o.a.c.c.C.[Tomcat].[localhost].[/]       : Initializing Spring DispatcherServlet 'dispatcherServlet'
10:03:45:014  INFO 27072 --- [http-nio-8086-exec-1] o.s.web.servlet.DispatcherServlet        : Initializing Servlet 'dispatcherServlet'
10:03:45:015  INFO 27072 --- [http-nio-8086-exec-1] o.s.web.servlet.DispatcherServlet        : Completed initialization in 1 ms
10:03:49:407  INFO 27072 --- [http-nio-8086-exec-8] com.zaxxer.hikari.HikariDataSource       : HikariPool-1 - Starting...
10:03:49:850  INFO 27072 --- [http-nio-8086-exec-8] com.zaxxer.hikari.HikariDataSource       : HikariPool-1 - Start completed.
10:03:49:859 DEBUG 27072 --- [http-nio-8086-exec-8] c.h.p.mapper.PayOrderMapper.selectList   : ==>  Preparing: SELECT id,biz_order_no,pay_order_no,biz_user_id,pay_channel_code,amount,pay_type,status,expand_json,result_code,result_msg,pay_success_time,pay_over_time,qr_code_url,create_time,update_time,creater,updater,is_delete FROM pay_order
10:03:49:882 DEBUG 27072 --- [http-nio-8086-exec-8] c.h.p.mapper.PayOrderMapper.selectList   : ==> Parameters: 
10:03:49:908 DEBUG 27072 --- [http-nio-8086-exec-8] c.h.p.mapper.PayOrderMapper.selectList   : <==      Total: 2
16:25:51:407  WARN 27072 --- [Thread-4] c.a.nacos.common.notify.NotifyCenter     : [NotifyCenter] Start destroying Publisher
16:25:51:407  WARN 27072 --- [Thread-7] c.a.n.common.http.HttpClientBeanHolder   : [HttpClientBeanHolder] Start destroying common HttpClient
16:25:51:446  WARN 27072 --- [Thread-4] c.a.nacos.common.notify.NotifyCenter     : [NotifyCenter] Destruction of the end
16:25:51:464  WARN 27072 --- [Thread-7] c.a.n.common.http.HttpClientBeanHolder   : [HttpClientBeanHolder] Destruction of the end
16:25:53:389  INFO 27072 --- [SpringApplicationShutdownHook] c.a.c.n.registry.NacosServiceRegistry    : De-registering from Nacos Server now...
16:25:53:557  INFO 27072 --- [SpringApplicationShutdownHook] c.a.c.n.registry.NacosServiceRegistry    : De-registration finished.
16:25:54:206  INFO 27072 --- [SpringApplicationShutdownHook] com.alibaba.nacos.common.remote.client   : Shutdown rpc client, set status to shutdown
16:25:54:212  INFO 27072 --- [SpringApplicationShutdownHook] com.alibaba.nacos.common.remote.client   : Shutdown client event executor java.util.concurrent.ScheduledThreadPoolExecutor@7461099[Running, pool size = 2, active threads = 2, queued tasks = 0, completed tasks = 0]
16:25:54:216  INFO 27072 --- [SpringApplicationShutdownHook] com.alibaba.nacos.common.remote.client   : Close current connection 1709863408127_192.168.200.1_57728
16:25:54:237  INFO 27072 --- [nacos-grpc-client-executor-4685] com.alibaba.nacos.common.remote.client   : [a5d89722-430f-4dc5-979b-6f3129ceffce] Receive server push request, request = NotifySubscriberRequest, requestId = 65
16:25:54:295  INFO 27072 --- [nacos-grpc-client-executor-4685] com.alibaba.nacos.common.remote.client   : [a5d89722-430f-4dc5-979b-6f3129ceffce] Ack server push request, request = NotifySubscriberRequest, requestId = 65
16:25:54:301 ERROR 27072 --- [nacos-grpc-client-executor-4685] c.a.n.c.remote.client.grpc.GrpcClient    : [1709863408127_192.168.200.1_57728]Error to send ack response, ackId->65
16:25:54:303  INFO 27072 --- [nacos-grpc-client-executor-4685] c.a.n.c.remote.client.grpc.GrpcClient    : [1709863408127_192.168.200.1_57728]Ignore complete event,isRunning:false,isAbandon=false
16:25:54:348  INFO 27072 --- [SpringApplicationShutdownHook] c.a.n.c.remote.client.grpc.GrpcClient    : Shutdown grpc executor java.util.concurrent.ThreadPoolExecutor@4462c574[Running, pool size = 4, active threads = 0, queued tasks = 0, completed tasks = 4686]
16:25:54:381  INFO 27072 --- [SpringApplicationShutdownHook] com.zaxxer.hikari.HikariDataSource       : HikariPool-1 - Shutdown initiated...
16:25:54:565  INFO 27072 --- [SpringApplicationShutdownHook] com.zaxxer.hikari.HikariDataSource       : HikariPool-1 - Shutdown completed.
16:26:16:822  INFO 9340 --- [main] com.hmall.pay.PayApplication             : Starting PayApplication using Java 11.0.6 on DESKTOP-0MIP88E with PID 9340 (C:\Users\xiaoyy\Desktop\hmmall\hmall\pay-service\target\classes started by xiaoyy in C:\Users\xiaoyy\Desktop\hmmall\hmall)
16:26:16:824 DEBUG 9340 --- [main] com.hmall.pay.PayApplication             : Running with Spring Boot v2.7.12, Spring v5.3.27
16:26:16:824  INFO 9340 --- [main] com.hmall.pay.PayApplication             : The following 1 profile is active: "local"
16:26:18:440  INFO 9340 --- [main] o.s.cloud.context.scope.GenericScope     : BeanFactory id=ff02d16c-fdbc-315a-8f26-9b3ec1283b91
16:26:19:059  INFO 9340 --- [main] o.s.b.w.embedded.tomcat.TomcatWebServer  : Tomcat initialized with port(s): 8086 (http)
16:26:19:074  INFO 9340 --- [main] o.apache.catalina.core.StandardService   : Starting service [Tomcat]
16:26:19:075  INFO 9340 --- [main] org.apache.catalina.core.StandardEngine  : Starting Servlet engine: [Apache Tomcat/9.0.75]
16:26:19:299  INFO 9340 --- [main] o.a.c.c.C.[Tomcat].[localhost].[/]       : Initializing Spring embedded WebApplicationContext
16:26:19:300  INFO 9340 --- [main] w.s.c.ServletWebServerApplicationContext : Root WebApplicationContext: initialization completed in 2413 ms
16:26:19:641  INFO 9340 --- [main] o.s.c.openfeign.FeignClientFactoryBean   : For 'user-service' URL not provided. Will try picking an instance via load-balancing.
16:26:19:751  INFO 9340 --- [main] o.s.c.openfeign.FeignClientFactoryBean   : For 'trade-service' URL not provided. Will try picking an instance via load-balancing.
16:26:22:387  INFO 9340 --- [main] pertySourcedRequestMappingHandlerMapping : Mapped URL path [/v2/api-docs] onto method [springfox.documentation.swagger2.web.Swagger2ControllerWebMvc#getDocumentation(String, HttpServletRequest)]
16:26:23:267  INFO 9340 --- [main] com.alibaba.nacos.common.remote.client   : [RpcClientFactory] create a new rpc client of 0038707b-92a7-4f5b-b30c-0898352acc2e
16:26:23:368  INFO 9340 --- [main] org.reflections.Reflections              : Reflections took 48 ms to scan 1 urls, producing 3 keys and 6 values 
16:26:23:416  INFO 9340 --- [main] org.reflections.Reflections              : Reflections took 13 ms to scan 1 urls, producing 4 keys and 9 values 
16:26:23:432  INFO 9340 --- [main] org.reflections.Reflections              : Reflections took 9 ms to scan 1 urls, producing 3 keys and 10 values 
16:26:23:441  WARN 9340 --- [main] org.reflections.Reflections              : given scan urls are empty. set urls in the configuration
16:26:23:451  INFO 9340 --- [main] org.reflections.Reflections              : Reflections took 10 ms to scan 1 urls, producing 1 keys and 5 values 
16:26:23:467  INFO 9340 --- [main] org.reflections.Reflections              : Reflections took 11 ms to scan 1 urls, producing 1 keys and 7 values 
16:26:23:485  INFO 9340 --- [main] org.reflections.Reflections              : Reflections took 11 ms to scan 1 urls, producing 2 keys and 8 values 
16:26:23:493  WARN 9340 --- [main] org.reflections.Reflections              : given scan urls are empty. set urls in the configuration
16:26:23:498  INFO 9340 --- [main] com.alibaba.nacos.common.remote.client   : [0038707b-92a7-4f5b-b30c-0898352acc2e] RpcClient init label, labels = {module=naming, source=sdk}
16:26:23:507  INFO 9340 --- [main] com.alibaba.nacos.common.remote.client   : [0038707b-92a7-4f5b-b30c-0898352acc2e] RpcClient init, ServerListFactory = com.alibaba.nacos.client.naming.core.ServerListManager
16:26:23:507  INFO 9340 --- [main] com.alibaba.nacos.common.remote.client   : [0038707b-92a7-4f5b-b30c-0898352acc2e] Registry connection listener to current client:com.alibaba.nacos.client.naming.remote.gprc.redo.NamingGrpcRedoService
16:26:23:510  INFO 9340 --- [main] com.alibaba.nacos.common.remote.client   : [0038707b-92a7-4f5b-b30c-0898352acc2e] Register server push request handler:com.alibaba.nacos.client.naming.remote.gprc.NamingPushRequestHandler
16:26:23:514  INFO 9340 --- [main] com.alibaba.nacos.common.remote.client   : [0038707b-92a7-4f5b-b30c-0898352acc2e] Try to connect to server on start up, server: {serverIp = '192.168.200.132', server main port = 8848}
16:26:27:530  INFO 9340 --- [main] com.alibaba.nacos.common.remote.client   : [0038707b-92a7-4f5b-b30c-0898352acc2e] Success to connect to server [192.168.200.132:8848] on start up, connectionId = 1709886382762_192.168.200.1_52075
16:26:27:534  INFO 9340 --- [com.alibaba.nacos.client.remote.worker] com.alibaba.nacos.common.remote.client   : [0038707b-92a7-4f5b-b30c-0898352acc2e] Notify connected event to listeners.
16:26:27:536  INFO 9340 --- [main] com.alibaba.nacos.common.remote.client   : [0038707b-92a7-4f5b-b30c-0898352acc2e] Register server push request handler:com.alibaba.nacos.common.remote.client.RpcClient$ConnectResetRequestHandler
16:26:27:536  INFO 9340 --- [main] com.alibaba.nacos.common.remote.client   : [0038707b-92a7-4f5b-b30c-0898352acc2e] Register server push request handler:com.alibaba.nacos.common.remote.client.RpcClient$$Lambda$977/0x0000000800745040
16:26:27:669  INFO 9340 --- [main] o.s.b.w.embedded.tomcat.TomcatWebServer  : Tomcat started on port(s): 8086 (http) with context path ''
16:26:27:693  INFO 9340 --- [main] c.a.c.n.registry.NacosServiceRegistry    : nacos registry, DEFAULT_GROUP pay-service 192.168.200.1:8086 register finished
16:26:28:201  INFO 9340 --- [nacos-grpc-client-executor-9] com.alibaba.nacos.common.remote.client   : [0038707b-92a7-4f5b-b30c-0898352acc2e] Receive server push request, request = NotifySubscriberRequest, requestId = 70
16:26:28:218  INFO 9340 --- [nacos-grpc-client-executor-9] com.alibaba.nacos.common.remote.client   : [0038707b-92a7-4f5b-b30c-0898352acc2e] Ack server push request, request = NotifySubscriberRequest, requestId = 70
16:26:28:275  INFO 9340 --- [main] d.s.w.p.DocumentationPluginsBootstrapper : Documentation plugins bootstrapped
16:26:28:281  INFO 9340 --- [main] d.s.w.p.DocumentationPluginsBootstrapper : Found 1 custom documentation plugin(s)
16:26:28:336  INFO 9340 --- [main] s.d.s.w.s.ApiListingReferenceScanner     : Scanning for api listing references
16:26:28:548  INFO 9340 --- [main] com.hmall.pay.PayApplication             : Started PayApplication in 12.999 seconds (JVM running for 14.731)
16:36:23:083  INFO 9340 --- [http-nio-8086-exec-1] o.a.c.c.C.[Tomcat].[localhost].[/]       : Initializing Spring DispatcherServlet 'dispatcherServlet'
16:36:23:094  INFO 9340 --- [http-nio-8086-exec-1] o.s.web.servlet.DispatcherServlet        : Initializing Servlet 'dispatcherServlet'
16:36:23:153  INFO 9340 --- [http-nio-8086-exec-1] o.s.web.servlet.DispatcherServlet        : Completed initialization in 59 ms
16:36:23:586  INFO 9340 --- [http-nio-8086-exec-1] com.zaxxer.hikari.HikariDataSource       : HikariPool-1 - Starting...
16:36:23:976  INFO 9340 --- [http-nio-8086-exec-1] com.zaxxer.hikari.HikariDataSource       : HikariPool-1 - Start completed.
16:36:23:987 DEBUG 9340 --- [http-nio-8086-exec-1] c.h.pay.mapper.PayOrderMapper.selectOne  : ==>  Preparing: SELECT id,biz_order_no,pay_order_no,biz_user_id,pay_channel_code,amount,pay_type,status,expand_json,result_code,result_msg,pay_success_time,pay_over_time,qr_code_url,create_time,update_time,creater,updater,is_delete FROM pay_order WHERE (biz_order_no = ?)
16:36:24:016 DEBUG 9340 --- [http-nio-8086-exec-1] c.h.pay.mapper.PayOrderMapper.selectOne  : ==> Parameters: 1766020117780529154(Long)
16:36:24:046 DEBUG 9340 --- [http-nio-8086-exec-1] c.h.pay.mapper.PayOrderMapper.selectOne  : <==      Total: 0
16:36:24:127 DEBUG 9340 --- [http-nio-8086-exec-1] c.h.pay.mapper.PayOrderMapper.insert     : ==>  Preparing: INSERT INTO pay_order ( id, biz_order_no, pay_order_no, biz_user_id, pay_channel_code, amount, pay_type, status, pay_over_time ) VALUES ( ?, ?, ?, ?, ?, ?, ?, ?, ? )
16:36:24:130 DEBUG 9340 --- [http-nio-8086-exec-1] c.h.pay.mapper.PayOrderMapper.insert     : ==> Parameters: 1766020127490334722(Long), 1766020117780529154(Long), 1766020127465168898(Long), 1(Long), balance(String), 9700(Integer), 5(Integer), 1(Integer), 2024-03-08T18:36:24.110200800(LocalDateTime)
16:36:24:137 DEBUG 9340 --- [http-nio-8086-exec-1] c.h.pay.mapper.PayOrderMapper.insert     : <==    Updates: 1
16:36:37:910 DEBUG 9340 --- [http-nio-8086-exec-2] c.h.p.mapper.PayOrderMapper.selectById   : ==>  Preparing: SELECT id,biz_order_no,pay_order_no,biz_user_id,pay_channel_code,amount,pay_type,status,expand_json,result_code,result_msg,pay_success_time,pay_over_time,qr_code_url,create_time,update_time,creater,updater,is_delete FROM pay_order WHERE id=?
16:36:37:911 DEBUG 9340 --- [http-nio-8086-exec-2] c.h.p.mapper.PayOrderMapper.selectById   : ==> Parameters: 1766020127490334722(Long)
16:36:37:918 DEBUG 9340 --- [http-nio-8086-exec-2] c.h.p.mapper.PayOrderMapper.selectById   : <==      Total: 1
16:36:37:928 DEBUG 9340 --- [http-nio-8086-exec-2] com.hmall.api.client.UserClient          : [UserClient#deductMoney] ---> PUT http://user-service/users/money/deduct?pw&amount=9700 HTTP/1.1
16:36:37:929 DEBUG 9340 --- [http-nio-8086-exec-2] com.hmall.api.client.UserClient          : [UserClient#deductMoney] ---> END HTTP (0-byte body)
16:36:38:287 DEBUG 9340 --- [http-nio-8086-exec-2] com.hmall.api.client.UserClient          : [UserClient#deductMoney] <--- HTTP/1.1 500 (357ms)
16:36:38:287 DEBUG 9340 --- [http-nio-8086-exec-2] com.hmall.api.client.UserClient          : [UserClient#deductMoney] connection: close
16:36:38:287 DEBUG 9340 --- [http-nio-8086-exec-2] com.hmall.api.client.UserClient          : [UserClient#deductMoney] content-type: application/json
16:36:38:287 DEBUG 9340 --- [http-nio-8086-exec-2] com.hmall.api.client.UserClient          : [UserClient#deductMoney] date: Fri, 08 Mar 2024 08:36:38 GMT
16:36:38:287 DEBUG 9340 --- [http-nio-8086-exec-2] com.hmall.api.client.UserClient          : [UserClient#deductMoney] transfer-encoding: chunked
16:36:38:287 DEBUG 9340 --- [http-nio-8086-exec-2] com.hmall.api.client.UserClient          : [UserClient#deductMoney] 
16:36:38:288 DEBUG 9340 --- [http-nio-8086-exec-2] com.hmall.api.client.UserClient          : [UserClient#deductMoney] {"timestamp":"2024-03-08T08:36:38.268+00:00","status":500,"error":"Internal Server Error","path":"/users/money/deduct"}
16:36:38:288 DEBUG 9340 --- [http-nio-8086-exec-2] com.hmall.api.client.UserClient          : [UserClient#deductMoney] <--- END HTTP (119-byte body)
16:36:38:312 ERROR 9340 --- [http-nio-8086-exec-2] o.a.c.c.C.[.[.[/].[dispatcherServlet]    : Servlet.service() for servlet [dispatcherServlet] in context with path [] threw exception [Request processing failed; nested exception is feign.FeignException$InternalServerError: [500] during [PUT] to [http://user-service/users/money/deduct?pw&amount=9700] [UserClient#deductMoney(String,Integer)]: [{"timestamp":"2024-03-08T08:36:38.268+00:00","status":500,"error":"Internal Server Error","path":"/users/money/deduct"}]] with root cause

feign.FeignException$InternalServerError: [500] during [PUT] to [http://user-service/users/money/deduct?pw&amount=9700] [UserClient#deductMoney(String,Integer)]: [{"timestamp":"2024-03-08T08:36:38.268+00:00","status":500,"error":"Internal Server Error","path":"/users/money/deduct"}]
	at feign.FeignException.serverErrorStatus(FeignException.java:250) ~[feign-core-11.8.jar:na]
	at feign.FeignException.errorStatus(FeignException.java:197) ~[feign-core-11.8.jar:na]
	at feign.FeignException.errorStatus(FeignException.java:185) ~[feign-core-11.8.jar:na]
	at feign.codec.ErrorDecoder$Default.decode(ErrorDecoder.java:92) ~[feign-core-11.8.jar:na]
	at feign.AsyncResponseHandler.handleResponse(AsyncResponseHandler.java:96) ~[feign-core-11.8.jar:na]
	at feign.SynchronousMethodHandler.executeAndDecode(SynchronousMethodHandler.java:138) ~[feign-core-11.8.jar:na]
	at feign.SynchronousMethodHandler.invoke(SynchronousMethodHandler.java:89) ~[feign-core-11.8.jar:na]
	at feign.ReflectiveFeign$FeignInvocationHandler.invoke(ReflectiveFeign.java:100) ~[feign-core-11.8.jar:na]
	at com.sun.proxy.$Proxy100.deductMoney(Unknown Source) ~[na:na]
	at com.hmall.pay.service.impl.PayOrderServiceImpl.tryPayOrderByBalance(PayOrderServiceImpl.java:60) ~[classes/:na]
	at com.hmall.pay.service.impl.PayOrderServiceImpl$$FastClassBySpringCGLIB$$b2062e7f.invoke(<generated>) ~[classes/:na]
	at org.springframework.cglib.proxy.MethodProxy.invoke(MethodProxy.java:218) ~[spring-core-5.3.27.jar:5.3.27]
	at org.springframework.aop.framework.CglibAopProxy$CglibMethodInvocation.invokeJoinpoint(CglibAopProxy.java:793) ~[spring-aop-5.3.27.jar:5.3.27]
	at org.springframework.aop.framework.ReflectiveMethodInvocation.proceed(ReflectiveMethodInvocation.java:163) ~[spring-aop-5.3.27.jar:5.3.27]
	at org.springframework.aop.framework.CglibAopProxy$CglibMethodInvocation.proceed(CglibAopProxy.java:763) ~[spring-aop-5.3.27.jar:5.3.27]
	at org.springframework.transaction.interceptor.TransactionInterceptor$1.proceedWithInvocation(TransactionInterceptor.java:123) ~[spring-tx-5.3.27.jar:5.3.27]
	at org.springframework.transaction.interceptor.TransactionAspectSupport.invokeWithinTransaction(TransactionAspectSupport.java:388) ~[spring-tx-5.3.27.jar:5.3.27]
	at org.springframework.transaction.interceptor.TransactionInterceptor.invoke(TransactionInterceptor.java:119) ~[spring-tx-5.3.27.jar:5.3.27]
	at org.springframework.aop.framework.ReflectiveMethodInvocation.proceed(ReflectiveMethodInvocation.java:186) ~[spring-aop-5.3.27.jar:5.3.27]
	at org.springframework.aop.framework.CglibAopProxy$CglibMethodInvocation.proceed(CglibAopProxy.java:763) ~[spring-aop-5.3.27.jar:5.3.27]
	at org.springframework.aop.framework.CglibAopProxy$DynamicAdvisedInterceptor.intercept(CglibAopProxy.java:708) ~[spring-aop-5.3.27.jar:5.3.27]
	at com.hmall.pay.service.impl.PayOrderServiceImpl$$EnhancerBySpringCGLIB$$4457aa76.tryPayOrderByBalance(<generated>) ~[classes/:na]
	at com.hmall.pay.controller.PayController.tryPayOrderByBalance(PayController.java:48) ~[classes/:na]
	at java.base/jdk.internal.reflect.NativeMethodAccessorImpl.invoke0(Native Method) ~[na:na]
	at java.base/jdk.internal.reflect.NativeMethodAccessorImpl.invoke(NativeMethodAccessorImpl.java:62) ~[na:na]
	at java.base/jdk.internal.reflect.DelegatingMethodAccessorImpl.invoke(DelegatingMethodAccessorImpl.java:43) ~[na:na]
	at java.base/java.lang.reflect.Method.invoke(Method.java:566) ~[na:na]
	at org.springframework.web.method.support.InvocableHandlerMethod.doInvoke(InvocableHandlerMethod.java:205) ~[spring-web-5.3.27.jar:5.3.27]
	at org.springframework.web.method.support.InvocableHandlerMethod.invokeForRequest(InvocableHandlerMethod.java:150) ~[spring-web-5.3.27.jar:5.3.27]
	at org.springframework.web.servlet.mvc.method.annotation.ServletInvocableHandlerMethod.invokeAndHandle(ServletInvocableHandlerMethod.java:117) ~[spring-webmvc-5.3.27.jar:5.3.27]
	at org.springframework.web.servlet.mvc.method.annotation.RequestMappingHandlerAdapter.invokeHandlerMethod(RequestMappingHandlerAdapter.java:895) ~[spring-webmvc-5.3.27.jar:5.3.27]
	at org.springframework.web.servlet.mvc.method.annotation.RequestMappingHandlerAdapter.handleInternal(RequestMappingHandlerAdapter.java:808) ~[spring-webmvc-5.3.27.jar:5.3.27]
	at org.springframework.web.servlet.mvc.method.AbstractHandlerMethodAdapter.handle(AbstractHandlerMethodAdapter.java:87) ~[spring-webmvc-5.3.27.jar:5.3.27]
	at org.springframework.web.servlet.DispatcherServlet.doDispatch(DispatcherServlet.java:1072) ~[spring-webmvc-5.3.27.jar:5.3.27]
	at org.springframework.web.servlet.DispatcherServlet.doService(DispatcherServlet.java:965) ~[spring-webmvc-5.3.27.jar:5.3.27]
	at org.springframework.web.servlet.FrameworkServlet.processRequest(FrameworkServlet.java:1006) ~[spring-webmvc-5.3.27.jar:5.3.27]
	at org.springframework.web.servlet.FrameworkServlet.doPost(FrameworkServlet.java:909) ~[spring-webmvc-5.3.27.jar:5.3.27]
	at javax.servlet.http.HttpServlet.service(HttpServlet.java:555) ~[tomcat-embed-core-9.0.75.jar:4.0.FR]
	at org.springframework.web.servlet.FrameworkServlet.service(FrameworkServlet.java:883) ~[spring-webmvc-5.3.27.jar:5.3.27]
	at javax.servlet.http.HttpServlet.service(HttpServlet.java:623) ~[tomcat-embed-core-9.0.75.jar:4.0.FR]
	at org.apache.catalina.core.ApplicationFilterChain.internalDoFilter(ApplicationFilterChain.java:209) ~[tomcat-embed-core-9.0.75.jar:9.0.75]
	at org.apache.catalina.core.ApplicationFilterChain.doFilter(ApplicationFilterChain.java:153) ~[tomcat-embed-core-9.0.75.jar:9.0.75]
	at org.apache.tomcat.websocket.server.WsFilter.doFilter(WsFilter.java:51) ~[tomcat-embed-websocket-9.0.75.jar:9.0.75]
	at org.apache.catalina.core.ApplicationFilterChain.internalDoFilter(ApplicationFilterChain.java:178) ~[tomcat-embed-core-9.0.75.jar:9.0.75]
	at org.apache.catalina.core.ApplicationFilterChain.doFilter(ApplicationFilterChain.java:153) ~[tomcat-embed-core-9.0.75.jar:9.0.75]
	at org.springframework.web.filter.RequestContextFilter.doFilterInternal(RequestContextFilter.java:100) ~[spring-web-5.3.27.jar:5.3.27]
	at org.springframework.web.filter.OncePerRequestFilter.doFilter(OncePerRequestFilter.java:117) ~[spring-web-5.3.27.jar:5.3.27]
	at org.apache.catalina.core.ApplicationFilterChain.internalDoFilter(ApplicationFilterChain.java:178) ~[tomcat-embed-core-9.0.75.jar:9.0.75]
	at org.apache.catalina.core.ApplicationFilterChain.doFilter(ApplicationFilterChain.java:153) ~[tomcat-embed-core-9.0.75.jar:9.0.75]
	at org.springframework.web.filter.FormContentFilter.doFilterInternal(FormContentFilter.java:93) ~[spring-web-5.3.27.jar:5.3.27]
	at org.springframework.web.filter.OncePerRequestFilter.doFilter(OncePerRequestFilter.java:117) ~[spring-web-5.3.27.jar:5.3.27]
	at org.apache.catalina.core.ApplicationFilterChain.internalDoFilter(ApplicationFilterChain.java:178) ~[tomcat-embed-core-9.0.75.jar:9.0.75]
	at org.apache.catalina.core.ApplicationFilterChain.doFilter(ApplicationFilterChain.java:153) ~[tomcat-embed-core-9.0.75.jar:9.0.75]
	at org.springframework.web.filter.CharacterEncodingFilter.doFilterInternal(CharacterEncodingFilter.java:201) ~[spring-web-5.3.27.jar:5.3.27]
	at org.springframework.web.filter.OncePerRequestFilter.doFilter(OncePerRequestFilter.java:117) ~[spring-web-5.3.27.jar:5.3.27]
	at org.apache.catalina.core.ApplicationFilterChain.internalDoFilter(ApplicationFilterChain.java:178) ~[tomcat-embed-core-9.0.75.jar:9.0.75]
	at org.apache.catalina.core.ApplicationFilterChain.doFilter(ApplicationFilterChain.java:153) ~[tomcat-embed-core-9.0.75.jar:9.0.75]
	at org.apache.catalina.core.StandardWrapperValve.invoke(StandardWrapperValve.java:167) ~[tomcat-embed-core-9.0.75.jar:9.0.75]
	at org.apache.catalina.core.StandardContextValve.invoke(StandardContextValve.java:90) ~[tomcat-embed-core-9.0.75.jar:9.0.75]
	at org.apache.catalina.authenticator.AuthenticatorBase.invoke(AuthenticatorBase.java:481) ~[tomcat-embed-core-9.0.75.jar:9.0.75]
	at org.apache.catalina.core.StandardHostValve.invoke(StandardHostValve.java:130) ~[tomcat-embed-core-9.0.75.jar:9.0.75]
	at org.apache.catalina.valves.ErrorReportValve.invoke(ErrorReportValve.java:93) ~[tomcat-embed-core-9.0.75.jar:9.0.75]
	at org.apache.catalina.core.StandardEngineValve.invoke(StandardEngineValve.java:74) ~[tomcat-embed-core-9.0.75.jar:9.0.75]
	at org.apache.catalina.connector.CoyoteAdapter.service(CoyoteAdapter.java:343) ~[tomcat-embed-core-9.0.75.jar:9.0.75]
	at org.apache.coyote.http11.Http11Processor.service(Http11Processor.java:390) ~[tomcat-embed-core-9.0.75.jar:9.0.75]
	at org.apache.coyote.AbstractProcessorLight.process(AbstractProcessorLight.java:63) ~[tomcat-embed-core-9.0.75.jar:9.0.75]
	at org.apache.coyote.AbstractProtocol$ConnectionHandler.process(AbstractProtocol.java:926) ~[tomcat-embed-core-9.0.75.jar:9.0.75]
	at org.apache.tomcat.util.net.NioEndpoint$SocketProcessor.doRun(NioEndpoint.java:1791) ~[tomcat-embed-core-9.0.75.jar:9.0.75]
	at org.apache.tomcat.util.net.SocketProcessorBase.run(SocketProcessorBase.java:52) ~[tomcat-embed-core-9.0.75.jar:9.0.75]
	at org.apache.tomcat.util.threads.ThreadPoolExecutor.runWorker(ThreadPoolExecutor.java:1191) ~[tomcat-embed-core-9.0.75.jar:9.0.75]
	at org.apache.tomcat.util.threads.ThreadPoolExecutor$Worker.run(ThreadPoolExecutor.java:659) ~[tomcat-embed-core-9.0.75.jar:9.0.75]
	at org.apache.tomcat.util.threads.TaskThread$WrappingRunnable.run(TaskThread.java:61) ~[tomcat-embed-core-9.0.75.jar:9.0.75]
	at java.base/java.lang.Thread.run(Thread.java:834) ~[na:na]

16:36:38:710  INFO 9340 --- [nacos-grpc-client-executor-134] com.alibaba.nacos.common.remote.client   : [0038707b-92a7-4f5b-b30c-0898352acc2e] Receive server push request, request = NotifySubscriberRequest, requestId = 85
16:36:38:710  INFO 9340 --- [nacos-grpc-client-executor-134] com.alibaba.nacos.common.remote.client   : [0038707b-92a7-4f5b-b30c-0898352acc2e] Ack server push request, request = NotifySubscriberRequest, requestId = 85
16:36:40:575 DEBUG 9340 --- [http-nio-8086-exec-3] c.h.p.mapper.PayOrderMapper.selectById   : ==>  Preparing: SELECT id,biz_order_no,pay_order_no,biz_user_id,pay_channel_code,amount,pay_type,status,expand_json,result_code,result_msg,pay_success_time,pay_over_time,qr_code_url,create_time,update_time,creater,updater,is_delete FROM pay_order WHERE id=?
16:36:40:577 DEBUG 9340 --- [http-nio-8086-exec-3] c.h.p.mapper.PayOrderMapper.selectById   : ==> Parameters: 1766020127490334722(Long)
16:36:40:578 DEBUG 9340 --- [http-nio-8086-exec-3] c.h.p.mapper.PayOrderMapper.selectById   : <==      Total: 1
16:36:40:579 DEBUG 9340 --- [http-nio-8086-exec-3] com.hmall.api.client.UserClient          : [UserClient#deductMoney] ---> PUT http://user-service/users/money/deduct?pw=123&amount=9700 HTTP/1.1
16:36:40:579 DEBUG 9340 --- [http-nio-8086-exec-3] com.hmall.api.client.UserClient          : [UserClient#deductMoney] ---> END HTTP (0-byte body)
16:36:40:596 DEBUG 9340 --- [http-nio-8086-exec-3] com.hmall.api.client.UserClient          : [UserClient#deductMoney] <--- HTTP/1.1 500 (16ms)
16:36:40:596 DEBUG 9340 --- [http-nio-8086-exec-3] com.hmall.api.client.UserClient          : [UserClient#deductMoney] connection: close
16:36:40:596 DEBUG 9340 --- [http-nio-8086-exec-3] com.hmall.api.client.UserClient          : [UserClient#deductMoney] content-type: application/json
16:36:40:596 DEBUG 9340 --- [http-nio-8086-exec-3] com.hmall.api.client.UserClient          : [UserClient#deductMoney] date: Fri, 08 Mar 2024 08:36:40 GMT
16:36:40:596 DEBUG 9340 --- [http-nio-8086-exec-3] com.hmall.api.client.UserClient          : [UserClient#deductMoney] transfer-encoding: chunked
16:36:40:596 DEBUG 9340 --- [http-nio-8086-exec-3] com.hmall.api.client.UserClient          : [UserClient#deductMoney] 
16:36:40:597 DEBUG 9340 --- [http-nio-8086-exec-3] com.hmall.api.client.UserClient          : [UserClient#deductMoney] {"timestamp":"2024-03-08T08:36:40.595+00:00","status":500,"error":"Internal Server Error","path":"/users/money/deduct"}
16:36:40:597 DEBUG 9340 --- [http-nio-8086-exec-3] com.hmall.api.client.UserClient          : [UserClient#deductMoney] <--- END HTTP (119-byte body)
16:36:40:600 ERROR 9340 --- [http-nio-8086-exec-3] o.a.c.c.C.[.[.[/].[dispatcherServlet]    : Servlet.service() for servlet [dispatcherServlet] in context with path [] threw exception [Request processing failed; nested exception is feign.FeignException$InternalServerError: [500] during [PUT] to [http://user-service/users/money/deduct?pw=123&amount=9700] [UserClient#deductMoney(String,Integer)]: [{"timestamp":"2024-03-08T08:36:40.595+00:00","status":500,"error":"Internal Server Error","path":"/users/money/deduct"}]] with root cause

feign.FeignException$InternalServerError: [500] during [PUT] to [http://user-service/users/money/deduct?pw=123&amount=9700] [UserClient#deductMoney(String,Integer)]: [{"timestamp":"2024-03-08T08:36:40.595+00:00","status":500,"error":"Internal Server Error","path":"/users/money/deduct"}]
	at feign.FeignException.serverErrorStatus(FeignException.java:250) ~[feign-core-11.8.jar:na]
	at feign.FeignException.errorStatus(FeignException.java:197) ~[feign-core-11.8.jar:na]
	at feign.FeignException.errorStatus(FeignException.java:185) ~[feign-core-11.8.jar:na]
	at feign.codec.ErrorDecoder$Default.decode(ErrorDecoder.java:92) ~[feign-core-11.8.jar:na]
	at feign.AsyncResponseHandler.handleResponse(AsyncResponseHandler.java:96) ~[feign-core-11.8.jar:na]
	at feign.SynchronousMethodHandler.executeAndDecode(SynchronousMethodHandler.java:138) ~[feign-core-11.8.jar:na]
	at feign.SynchronousMethodHandler.invoke(SynchronousMethodHandler.java:89) ~[feign-core-11.8.jar:na]
	at feign.ReflectiveFeign$FeignInvocationHandler.invoke(ReflectiveFeign.java:100) ~[feign-core-11.8.jar:na]
	at com.sun.proxy.$Proxy100.deductMoney(Unknown Source) ~[na:na]
	at com.hmall.pay.service.impl.PayOrderServiceImpl.tryPayOrderByBalance(PayOrderServiceImpl.java:60) ~[classes/:na]
	at com.hmall.pay.service.impl.PayOrderServiceImpl$$FastClassBySpringCGLIB$$b2062e7f.invoke(<generated>) ~[classes/:na]
	at org.springframework.cglib.proxy.MethodProxy.invoke(MethodProxy.java:218) ~[spring-core-5.3.27.jar:5.3.27]
	at org.springframework.aop.framework.CglibAopProxy$CglibMethodInvocation.invokeJoinpoint(CglibAopProxy.java:793) ~[spring-aop-5.3.27.jar:5.3.27]
	at org.springframework.aop.framework.ReflectiveMethodInvocation.proceed(ReflectiveMethodInvocation.java:163) ~[spring-aop-5.3.27.jar:5.3.27]
	at org.springframework.aop.framework.CglibAopProxy$CglibMethodInvocation.proceed(CglibAopProxy.java:763) ~[spring-aop-5.3.27.jar:5.3.27]
	at org.springframework.transaction.interceptor.TransactionInterceptor$1.proceedWithInvocation(TransactionInterceptor.java:123) ~[spring-tx-5.3.27.jar:5.3.27]
	at org.springframework.transaction.interceptor.TransactionAspectSupport.invokeWithinTransaction(TransactionAspectSupport.java:388) ~[spring-tx-5.3.27.jar:5.3.27]
	at org.springframework.transaction.interceptor.TransactionInterceptor.invoke(TransactionInterceptor.java:119) ~[spring-tx-5.3.27.jar:5.3.27]
	at org.springframework.aop.framework.ReflectiveMethodInvocation.proceed(ReflectiveMethodInvocation.java:186) ~[spring-aop-5.3.27.jar:5.3.27]
	at org.springframework.aop.framework.CglibAopProxy$CglibMethodInvocation.proceed(CglibAopProxy.java:763) ~[spring-aop-5.3.27.jar:5.3.27]
	at org.springframework.aop.framework.CglibAopProxy$DynamicAdvisedInterceptor.intercept(CglibAopProxy.java:708) ~[spring-aop-5.3.27.jar:5.3.27]
	at com.hmall.pay.service.impl.PayOrderServiceImpl$$EnhancerBySpringCGLIB$$4457aa76.tryPayOrderByBalance(<generated>) ~[classes/:na]
	at com.hmall.pay.controller.PayController.tryPayOrderByBalance(PayController.java:48) ~[classes/:na]
	at java.base/jdk.internal.reflect.NativeMethodAccessorImpl.invoke0(Native Method) ~[na:na]
	at java.base/jdk.internal.reflect.NativeMethodAccessorImpl.invoke(NativeMethodAccessorImpl.java:62) ~[na:na]
	at java.base/jdk.internal.reflect.DelegatingMethodAccessorImpl.invoke(DelegatingMethodAccessorImpl.java:43) ~[na:na]
	at java.base/java.lang.reflect.Method.invoke(Method.java:566) ~[na:na]
	at org.springframework.web.method.support.InvocableHandlerMethod.doInvoke(InvocableHandlerMethod.java:205) ~[spring-web-5.3.27.jar:5.3.27]
	at org.springframework.web.method.support.InvocableHandlerMethod.invokeForRequest(InvocableHandlerMethod.java:150) ~[spring-web-5.3.27.jar:5.3.27]
	at org.springframework.web.servlet.mvc.method.annotation.ServletInvocableHandlerMethod.invokeAndHandle(ServletInvocableHandlerMethod.java:117) ~[spring-webmvc-5.3.27.jar:5.3.27]
	at org.springframework.web.servlet.mvc.method.annotation.RequestMappingHandlerAdapter.invokeHandlerMethod(RequestMappingHandlerAdapter.java:895) ~[spring-webmvc-5.3.27.jar:5.3.27]
	at org.springframework.web.servlet.mvc.method.annotation.RequestMappingHandlerAdapter.handleInternal(RequestMappingHandlerAdapter.java:808) ~[spring-webmvc-5.3.27.jar:5.3.27]
	at org.springframework.web.servlet.mvc.method.AbstractHandlerMethodAdapter.handle(AbstractHandlerMethodAdapter.java:87) ~[spring-webmvc-5.3.27.jar:5.3.27]
	at org.springframework.web.servlet.DispatcherServlet.doDispatch(DispatcherServlet.java:1072) ~[spring-webmvc-5.3.27.jar:5.3.27]
	at org.springframework.web.servlet.DispatcherServlet.doService(DispatcherServlet.java:965) ~[spring-webmvc-5.3.27.jar:5.3.27]
	at org.springframework.web.servlet.FrameworkServlet.processRequest(FrameworkServlet.java:1006) ~[spring-webmvc-5.3.27.jar:5.3.27]
	at org.springframework.web.servlet.FrameworkServlet.doPost(FrameworkServlet.java:909) ~[spring-webmvc-5.3.27.jar:5.3.27]
	at javax.servlet.http.HttpServlet.service(HttpServlet.java:555) ~[tomcat-embed-core-9.0.75.jar:4.0.FR]
	at org.springframework.web.servlet.FrameworkServlet.service(FrameworkServlet.java:883) ~[spring-webmvc-5.3.27.jar:5.3.27]
	at javax.servlet.http.HttpServlet.service(HttpServlet.java:623) ~[tomcat-embed-core-9.0.75.jar:4.0.FR]
	at org.apache.catalina.core.ApplicationFilterChain.internalDoFilter(ApplicationFilterChain.java:209) ~[tomcat-embed-core-9.0.75.jar:9.0.75]
	at org.apache.catalina.core.ApplicationFilterChain.doFilter(ApplicationFilterChain.java:153) ~[tomcat-embed-core-9.0.75.jar:9.0.75]
	at org.apache.tomcat.websocket.server.WsFilter.doFilter(WsFilter.java:51) ~[tomcat-embed-websocket-9.0.75.jar:9.0.75]
	at org.apache.catalina.core.ApplicationFilterChain.internalDoFilter(ApplicationFilterChain.java:178) ~[tomcat-embed-core-9.0.75.jar:9.0.75]
	at org.apache.catalina.core.ApplicationFilterChain.doFilter(ApplicationFilterChain.java:153) ~[tomcat-embed-core-9.0.75.jar:9.0.75]
	at org.springframework.web.filter.RequestContextFilter.doFilterInternal(RequestContextFilter.java:100) ~[spring-web-5.3.27.jar:5.3.27]
	at org.springframework.web.filter.OncePerRequestFilter.doFilter(OncePerRequestFilter.java:117) ~[spring-web-5.3.27.jar:5.3.27]
	at org.apache.catalina.core.ApplicationFilterChain.internalDoFilter(ApplicationFilterChain.java:178) ~[tomcat-embed-core-9.0.75.jar:9.0.75]
	at org.apache.catalina.core.ApplicationFilterChain.doFilter(ApplicationFilterChain.java:153) ~[tomcat-embed-core-9.0.75.jar:9.0.75]
	at org.springframework.web.filter.FormContentFilter.doFilterInternal(FormContentFilter.java:93) ~[spring-web-5.3.27.jar:5.3.27]
	at org.springframework.web.filter.OncePerRequestFilter.doFilter(OncePerRequestFilter.java:117) ~[spring-web-5.3.27.jar:5.3.27]
	at org.apache.catalina.core.ApplicationFilterChain.internalDoFilter(ApplicationFilterChain.java:178) ~[tomcat-embed-core-9.0.75.jar:9.0.75]
	at org.apache.catalina.core.ApplicationFilterChain.doFilter(ApplicationFilterChain.java:153) ~[tomcat-embed-core-9.0.75.jar:9.0.75]
	at org.springframework.web.filter.CharacterEncodingFilter.doFilterInternal(CharacterEncodingFilter.java:201) ~[spring-web-5.3.27.jar:5.3.27]
	at org.springframework.web.filter.OncePerRequestFilter.doFilter(OncePerRequestFilter.java:117) ~[spring-web-5.3.27.jar:5.3.27]
	at org.apache.catalina.core.ApplicationFilterChain.internalDoFilter(ApplicationFilterChain.java:178) ~[tomcat-embed-core-9.0.75.jar:9.0.75]
	at org.apache.catalina.core.ApplicationFilterChain.doFilter(ApplicationFilterChain.java:153) ~[tomcat-embed-core-9.0.75.jar:9.0.75]
	at org.apache.catalina.core.StandardWrapperValve.invoke(StandardWrapperValve.java:167) ~[tomcat-embed-core-9.0.75.jar:9.0.75]
	at org.apache.catalina.core.StandardContextValve.invoke(StandardContextValve.java:90) ~[tomcat-embed-core-9.0.75.jar:9.0.75]
	at org.apache.catalina.authenticator.AuthenticatorBase.invoke(AuthenticatorBase.java:481) ~[tomcat-embed-core-9.0.75.jar:9.0.75]
	at org.apache.catalina.core.StandardHostValve.invoke(StandardHostValve.java:130) ~[tomcat-embed-core-9.0.75.jar:9.0.75]
	at org.apache.catalina.valves.ErrorReportValve.invoke(ErrorReportValve.java:93) ~[tomcat-embed-core-9.0.75.jar:9.0.75]
	at org.apache.catalina.core.StandardEngineValve.invoke(StandardEngineValve.java:74) ~[tomcat-embed-core-9.0.75.jar:9.0.75]
	at org.apache.catalina.connector.CoyoteAdapter.service(CoyoteAdapter.java:343) ~[tomcat-embed-core-9.0.75.jar:9.0.75]
	at org.apache.coyote.http11.Http11Processor.service(Http11Processor.java:390) ~[tomcat-embed-core-9.0.75.jar:9.0.75]
	at org.apache.coyote.AbstractProcessorLight.process(AbstractProcessorLight.java:63) ~[tomcat-embed-core-9.0.75.jar:9.0.75]
	at org.apache.coyote.AbstractProtocol$ConnectionHandler.process(AbstractProtocol.java:926) ~[tomcat-embed-core-9.0.75.jar:9.0.75]
	at org.apache.tomcat.util.net.NioEndpoint$SocketProcessor.doRun(NioEndpoint.java:1791) ~[tomcat-embed-core-9.0.75.jar:9.0.75]
	at org.apache.tomcat.util.net.SocketProcessorBase.run(SocketProcessorBase.java:52) ~[tomcat-embed-core-9.0.75.jar:9.0.75]
	at org.apache.tomcat.util.threads.ThreadPoolExecutor.runWorker(ThreadPoolExecutor.java:1191) ~[tomcat-embed-core-9.0.75.jar:9.0.75]
	at org.apache.tomcat.util.threads.ThreadPoolExecutor$Worker.run(ThreadPoolExecutor.java:659) ~[tomcat-embed-core-9.0.75.jar:9.0.75]
	at org.apache.tomcat.util.threads.TaskThread$WrappingRunnable.run(TaskThread.java:61) ~[tomcat-embed-core-9.0.75.jar:9.0.75]
	at java.base/java.lang.Thread.run(Thread.java:834) ~[na:na]

21:38:00:242  WARN 9340 --- [Thread-7] c.a.n.common.http.HttpClientBeanHolder   : [HttpClientBeanHolder] Start destroying common HttpClient
21:38:00:242  WARN 9340 --- [Thread-4] c.a.nacos.common.notify.NotifyCenter     : [NotifyCenter] Start destroying Publisher
21:38:00:290  WARN 9340 --- [Thread-4] c.a.nacos.common.notify.NotifyCenter     : [NotifyCenter] Destruction of the end
21:38:00:320  WARN 9340 --- [Thread-7] c.a.n.common.http.HttpClientBeanHolder   : [HttpClientBeanHolder] Destruction of the end
21:38:02:097  INFO 9340 --- [SpringApplicationShutdownHook] c.a.c.n.registry.NacosServiceRegistry    : De-registering from Nacos Server now...
21:38:02:134  INFO 9340 --- [SpringApplicationShutdownHook] c.a.c.n.registry.NacosServiceRegistry    : De-registration finished.
21:38:02:497  INFO 9340 --- [SpringApplicationShutdownHook] com.alibaba.nacos.common.remote.client   : Shutdown rpc client, set status to shutdown
21:38:02:502  INFO 9340 --- [SpringApplicationShutdownHook] com.alibaba.nacos.common.remote.client   : Shutdown client event executor java.util.concurrent.ScheduledThreadPoolExecutor@50b0e520[Running, pool size = 2, active threads = 2, queued tasks = 0, completed tasks = 0]
21:38:02:503  INFO 9340 --- [SpringApplicationShutdownHook] com.alibaba.nacos.common.remote.client   : Close current connection 1709886382762_192.168.200.1_52075
21:38:02:523  INFO 9340 --- [nacos-grpc-client-executor-3810] c.a.n.c.remote.client.grpc.GrpcClient    : [1709886382762_192.168.200.1_52075]Ignore complete event,isRunning:false,isAbandon=false
21:38:02:657  INFO 9340 --- [SpringApplicationShutdownHook] c.a.n.c.remote.client.grpc.GrpcClient    : Shutdown grpc executor java.util.concurrent.ThreadPoolExecutor@6e2c4fb6[Running, pool size = 5, active threads = 0, queued tasks = 0, completed tasks = 3811]
21:38:02:736  INFO 9340 --- [SpringApplicationShutdownHook] com.zaxxer.hikari.HikariDataSource       : HikariPool-1 - Shutdown initiated...
21:38:02:893  INFO 9340 --- [SpringApplicationShutdownHook] com.zaxxer.hikari.HikariDataSource       : HikariPool-1 - Shutdown completed.
