10:48:45:388  INFO 24164 --- [nacos-grpc-client-executor-12667] com.alibaba.nacos.common.remote.client   : [73c1458f-bd91-42fc-bfdb-bf8121a9dbc1] Receive server push request, request = NotifySubscriberRequest, requestId = 28
10:48:45:515  INFO 24164 --- [nacos-grpc-client-executor-12667] com.alibaba.nacos.common.remote.client   : [73c1458f-bd91-42fc-bfdb-bf8121a9dbc1] Ack server push request, request = NotifySubscriberRequest, requestId = 28
10:49:02:576  INFO 24164 --- [nacos-grpc-client-executor-12670] com.alibaba.nacos.common.remote.client   : [73c1458f-bd91-42fc-bfdb-bf8121a9dbc1] Receive server push request, request = NotifySubscriberRequest, requestId = 31
10:49:02:590  INFO 24164 --- [nacos-grpc-client-executor-12670] com.alibaba.nacos.common.remote.client   : [73c1458f-bd91-42fc-bfdb-bf8121a9dbc1] Ack server push request, request = NotifySubscriberRequest, requestId = 31
10:49:03:682  INFO 24164 --- [nacos-grpc-client-executor-12671] com.alibaba.nacos.common.remote.client   : [73c1458f-bd91-42fc-bfdb-bf8121a9dbc1] Receive server push request, request = NotifySubscriberRequest, requestId = 34
10:49:03:693  INFO 24164 --- [nacos-grpc-client-executor-12671] com.alibaba.nacos.common.remote.client   : [73c1458f-bd91-42fc-bfdb-bf8121a9dbc1] Ack server push request, request = NotifySubscriberRequest, requestId = 34
16:10:27:676  WARN 24164 --- [Thread-7] c.a.n.common.http.HttpClientBeanHolder   : [HttpClientBeanHolder] Start destroying common HttpClient
16:10:27:676  WARN 24164 --- [Thread-4] c.a.nacos.common.notify.NotifyCenter     : [NotifyCenter] Start destroying Publisher
16:10:27:728  WARN 24164 --- [Thread-4] c.a.nacos.common.notify.NotifyCenter     : [NotifyCenter] Destruction of the end
16:10:27:775  WARN 24164 --- [Thread-7] c.a.n.common.http.HttpClientBeanHolder   : [HttpClientBeanHolder] Destruction of the end
16:10:29:372  INFO 24164 --- [SpringApplicationShutdownHook] c.a.c.n.registry.NacosServiceRegistry    : De-registering from Nacos Server now...
16:10:29:386  INFO 24164 --- [SpringApplicationShutdownHook] c.a.c.n.registry.NacosServiceRegistry    : De-registration finished.
16:10:29:725  INFO 24164 --- [SpringApplicationShutdownHook] com.alibaba.nacos.common.remote.client   : Shutdown rpc client, set status to shutdown
16:10:29:726  INFO 24164 --- [SpringApplicationShutdownHook] com.alibaba.nacos.common.remote.client   : Shutdown client event executor java.util.concurrent.ScheduledThreadPoolExecutor@303354ab[Running, pool size = 2, active threads = 2, queued tasks = 0, completed tasks = 0]
16:10:29:727  INFO 24164 --- [SpringApplicationShutdownHook] com.alibaba.nacos.common.remote.client   : Close current connection 1709804242396_192.168.200.1_61717
16:10:29:731  INFO 24164 --- [nacos-grpc-client-executor-16709] c.a.n.c.remote.client.grpc.GrpcClient    : [1709804242396_192.168.200.1_61717]Ignore complete event,isRunning:false,isAbandon=false
16:10:29:769  INFO 24164 --- [SpringApplicationShutdownHook] c.a.n.c.remote.client.grpc.GrpcClient    : Shutdown grpc executor java.util.concurrent.ThreadPoolExecutor@49949742[Running, pool size = 5, active threads = 0, queued tasks = 0, completed tasks = 16710]
16:10:29:787  INFO 24164 --- [SpringApplicationShutdownHook] com.zaxxer.hikari.HikariDataSource       : HikariPool-1 - Shutdown initiated...
16:10:29:818  INFO 24164 --- [SpringApplicationShutdownHook] com.zaxxer.hikari.HikariDataSource       : HikariPool-1 - Shutdown completed.
16:10:42:865  INFO 22024 --- [main] com.hmall.cart.cartApplication           : Starting cartApplication using Java 11.0.6 on DESKTOP-0MIP88E with PID 22024 (C:\Users\xiaoyy\Desktop\hmmall\hmall\cart-service\target\classes started by xiaoyy in C:\Users\xiaoyy\Desktop\hmmall\hmall)
16:10:42:871 DEBUG 22024 --- [main] com.hmall.cart.cartApplication           : Running with Spring Boot v2.7.12, Spring v5.3.27
16:10:42:872  INFO 22024 --- [main] com.hmall.cart.cartApplication           : The following 1 profile is active: "local"
16:10:45:374  INFO 22024 --- [main] .s.d.r.c.RepositoryConfigurationDelegate : Multiple Spring Data modules found, entering strict repository configuration mode
16:10:45:379  INFO 22024 --- [main] .s.d.r.c.RepositoryConfigurationDelegate : Bootstrapping Spring Data Redis repositories in DEFAULT mode.
16:10:45:453  INFO 22024 --- [main] .s.d.r.c.RepositoryConfigurationDelegate : Finished Spring Data repository scanning in 14 ms. Found 0 Redis repository interfaces.
16:10:45:979  INFO 22024 --- [main] o.s.cloud.context.scope.GenericScope     : BeanFactory id=441604e0-8f34-3968-8424-7fdc03c2963d
16:10:46:811  INFO 22024 --- [main] o.s.b.w.embedded.tomcat.TomcatWebServer  : Tomcat initialized with port(s): 8082 (http)
16:10:46:836  INFO 22024 --- [main] o.apache.catalina.core.StandardService   : Starting service [Tomcat]
16:10:46:837  INFO 22024 --- [main] org.apache.catalina.core.StandardEngine  : Starting Servlet engine: [Apache Tomcat/9.0.75]
16:10:47:193  INFO 22024 --- [main] o.a.c.c.C.[Tomcat].[localhost].[/]       : Initializing Spring embedded WebApplicationContext
16:10:47:194  INFO 22024 --- [main] w.s.c.ServletWebServerApplicationContext : Root WebApplicationContext: initialization completed in 4243 ms
16:10:48:799  INFO 22024 --- [main] o.s.c.openfeign.FeignClientFactoryBean   : For 'item-service' URL not provided. Will try picking an instance via load-balancing.
16:10:51:435  INFO 22024 --- [main] pertySourcedRequestMappingHandlerMapping : Mapped URL path [/v2/api-docs] onto method [springfox.documentation.swagger2.web.Swagger2ControllerWebMvc#getDocumentation(String, HttpServletRequest)]
16:10:52:067  INFO 22024 --- [main] com.alibaba.nacos.common.remote.client   : [RpcClientFactory] create a new rpc client of 2ad49ab8-1b11-475b-8b37-5c47c6d93d47
16:10:52:133  INFO 22024 --- [main] org.reflections.Reflections              : Reflections took 34 ms to scan 1 urls, producing 3 keys and 6 values 
16:10:52:169  INFO 22024 --- [main] org.reflections.Reflections              : Reflections took 7 ms to scan 1 urls, producing 4 keys and 9 values 
16:10:52:181  INFO 22024 --- [main] org.reflections.Reflections              : Reflections took 8 ms to scan 1 urls, producing 3 keys and 10 values 
16:10:52:184  WARN 22024 --- [main] org.reflections.Reflections              : given scan urls are empty. set urls in the configuration
16:10:52:193  INFO 22024 --- [main] org.reflections.Reflections              : Reflections took 9 ms to scan 1 urls, producing 1 keys and 5 values 
16:10:52:202  INFO 22024 --- [main] org.reflections.Reflections              : Reflections took 6 ms to scan 1 urls, producing 1 keys and 7 values 
16:10:52:213  INFO 22024 --- [main] org.reflections.Reflections              : Reflections took 5 ms to scan 1 urls, producing 2 keys and 8 values 
16:10:52:215  WARN 22024 --- [main] org.reflections.Reflections              : given scan urls are empty. set urls in the configuration
16:10:52:216  INFO 22024 --- [main] com.alibaba.nacos.common.remote.client   : [2ad49ab8-1b11-475b-8b37-5c47c6d93d47] RpcClient init label, labels = {module=naming, source=sdk}
16:10:52:218  INFO 22024 --- [main] com.alibaba.nacos.common.remote.client   : [2ad49ab8-1b11-475b-8b37-5c47c6d93d47] RpcClient init, ServerListFactory = com.alibaba.nacos.client.naming.core.ServerListManager
16:10:52:218  INFO 22024 --- [main] com.alibaba.nacos.common.remote.client   : [2ad49ab8-1b11-475b-8b37-5c47c6d93d47] Registry connection listener to current client:com.alibaba.nacos.client.naming.remote.gprc.redo.NamingGrpcRedoService
16:10:52:220  INFO 22024 --- [main] com.alibaba.nacos.common.remote.client   : [2ad49ab8-1b11-475b-8b37-5c47c6d93d47] Register server push request handler:com.alibaba.nacos.client.naming.remote.gprc.NamingPushRequestHandler
16:10:52:222  INFO 22024 --- [main] com.alibaba.nacos.common.remote.client   : [2ad49ab8-1b11-475b-8b37-5c47c6d93d47] Try to connect to server on start up, server: {serverIp = '192.168.200.132', server main port = 8848}
16:10:53:975  INFO 22024 --- [main] com.alibaba.nacos.common.remote.client   : [2ad49ab8-1b11-475b-8b37-5c47c6d93d47] Success to connect to server [192.168.200.132:8848] on start up, connectionId = 1709885449402_192.168.200.1_50115
16:10:53:976  INFO 22024 --- [com.alibaba.nacos.client.remote.worker] com.alibaba.nacos.common.remote.client   : [2ad49ab8-1b11-475b-8b37-5c47c6d93d47] Notify connected event to listeners.
16:10:53:977  INFO 22024 --- [main] com.alibaba.nacos.common.remote.client   : [2ad49ab8-1b11-475b-8b37-5c47c6d93d47] Register server push request handler:com.alibaba.nacos.common.remote.client.RpcClient$ConnectResetRequestHandler
16:10:53:978  INFO 22024 --- [main] com.alibaba.nacos.common.remote.client   : [2ad49ab8-1b11-475b-8b37-5c47c6d93d47] Register server push request handler:com.alibaba.nacos.common.remote.client.RpcClient$$Lambda$1131/0x000000080080a840
16:10:54:056  INFO 22024 --- [main] o.s.b.w.embedded.tomcat.TomcatWebServer  : Tomcat started on port(s): 8082 (http) with context path ''
16:10:54:411  INFO 22024 --- [main] c.a.c.n.registry.NacosServiceRegistry    : nacos registry, DEFAULT_GROUP cart-service 192.168.200.1:8082 register finished
16:10:54:412  INFO 22024 --- [main] d.s.w.p.DocumentationPluginsBootstrapper : Documentation plugins bootstrapped
16:10:54:414  INFO 22024 --- [main] d.s.w.p.DocumentationPluginsBootstrapper : Found 1 custom documentation plugin(s)
16:10:54:442  INFO 22024 --- [main] s.d.s.w.s.ApiListingReferenceScanner     : Scanning for api listing references
16:10:54:540  INFO 22024 --- [main] com.hmall.cart.cartApplication           : Started cartApplication in 12.951 seconds (JVM running for 14.486)
16:10:54:603  INFO 22024 --- [nacos-grpc-client-executor-9] com.alibaba.nacos.common.remote.client   : [2ad49ab8-1b11-475b-8b37-5c47c6d93d47] Receive server push request, request = NotifySubscriberRequest, requestId = 50
16:10:54:619  INFO 22024 --- [nacos-grpc-client-executor-9] com.alibaba.nacos.common.remote.client   : [2ad49ab8-1b11-475b-8b37-5c47c6d93d47] Ack server push request, request = NotifySubscriberRequest, requestId = 50
16:12:24:701  INFO 22024 --- [http-nio-8082-exec-1] o.a.c.c.C.[Tomcat].[localhost].[/]       : Initializing Spring DispatcherServlet 'dispatcherServlet'
16:12:24:701  INFO 22024 --- [http-nio-8082-exec-1] o.s.web.servlet.DispatcherServlet        : Initializing Servlet 'dispatcherServlet'
16:12:24:702  INFO 22024 --- [http-nio-8082-exec-1] o.s.web.servlet.DispatcherServlet        : Completed initialization in 1 ms
16:12:24:803  INFO 22024 --- [http-nio-8082-exec-1] com.zaxxer.hikari.HikariDataSource       : HikariPool-1 - Starting...
16:12:25:034  INFO 22024 --- [http-nio-8082-exec-1] com.zaxxer.hikari.HikariDataSource       : HikariPool-1 - Start completed.
16:12:25:040 DEBUG 22024 --- [http-nio-8082-exec-1] c.h.cart.mapper.CartMapper.selectList    : ==>  Preparing: SELECT id,user_id,item_id,num,name,spec,price,image,create_time,update_time FROM cart WHERE (user_id = ?)
16:12:25:056 DEBUG 22024 --- [http-nio-8082-exec-1] c.h.cart.mapper.CartMapper.selectList    : ==> Parameters: 2(Long)
16:12:25:072 DEBUG 22024 --- [http-nio-8082-exec-1] c.h.cart.mapper.CartMapper.selectList    : <==      Total: 0
16:12:35:055 DEBUG 22024 --- [http-nio-8082-exec-2] c.h.cart.mapper.CartMapper.selectList    : ==>  Preparing: SELECT id,user_id,item_id,num,name,spec,price,image,create_time,update_time FROM cart WHERE (user_id = ?)
16:12:35:056 DEBUG 22024 --- [http-nio-8082-exec-2] c.h.cart.mapper.CartMapper.selectList    : ==> Parameters: 2(Long)
16:12:35:059 DEBUG 22024 --- [http-nio-8082-exec-2] c.h.cart.mapper.CartMapper.selectList    : <==      Total: 0
16:12:37:342 DEBUG 22024 --- [http-nio-8082-exec-3] c.h.cart.mapper.CartMapper.selectList    : ==>  Preparing: SELECT id,user_id,item_id,num,name,spec,price,image,create_time,update_time FROM cart WHERE (user_id = ?)
16:12:37:343 DEBUG 22024 --- [http-nio-8082-exec-3] c.h.cart.mapper.CartMapper.selectList    : ==> Parameters: 2(Long)
16:12:37:344 DEBUG 22024 --- [http-nio-8082-exec-3] c.h.cart.mapper.CartMapper.selectList    : <==      Total: 0
16:12:45:867 DEBUG 22024 --- [http-nio-8082-exec-4] c.h.cart.mapper.CartMapper.selectCount   : ==>  Preparing: SELECT COUNT( * ) FROM cart WHERE (user_id = ? AND item_id = ?)
16:12:45:867 DEBUG 22024 --- [http-nio-8082-exec-4] c.h.cart.mapper.CartMapper.selectCount   : ==> Parameters: 2(Long), 14741770661(Long)
16:12:45:871 DEBUG 22024 --- [http-nio-8082-exec-4] c.h.cart.mapper.CartMapper.selectCount   : <==      Total: 1
16:12:45:873 DEBUG 22024 --- [http-nio-8082-exec-4] c.h.cart.mapper.CartMapper.selectCount   : ==>  Preparing: SELECT COUNT( * ) FROM cart WHERE (user_id = ?)
16:12:45:873 DEBUG 22024 --- [http-nio-8082-exec-4] c.h.cart.mapper.CartMapper.selectCount   : ==> Parameters: 2(Long)
16:12:45:875 DEBUG 22024 --- [http-nio-8082-exec-4] c.h.cart.mapper.CartMapper.selectCount   : <==      Total: 1
16:12:45:913 DEBUG 22024 --- [http-nio-8082-exec-4] com.hmall.cart.mapper.CartMapper.insert  : ==>  Preparing: INSERT INTO cart ( user_id, item_id, name, spec, price, image ) VALUES ( ?, ?, ?, ?, ?, ? )
16:12:45:913 DEBUG 22024 --- [http-nio-8082-exec-4] com.hmall.cart.mapper.CartMapper.insert  : ==> Parameters: 2(Long), 14741770661(Long), 康佳（KONKA） LED49UC3 49英寸超薄曲面36核4K HDR人工智能电视(String), {}(String), 144600(Integer), https://m.360buyimg.com/mobilecms/s720x720_jfs/t16477/84/2032772431/400946/2887be91/5a912776N7e343ec3.jpg!q70.jpg.webp(String)
16:12:45:926 DEBUG 22024 --- [http-nio-8082-exec-4] com.hmall.cart.mapper.CartMapper.insert  : <==    Updates: 1
16:12:46:100 DEBUG 22024 --- [http-nio-8082-exec-5] c.h.cart.mapper.CartMapper.selectList    : ==>  Preparing: SELECT id,user_id,item_id,num,name,spec,price,image,create_time,update_time FROM cart WHERE (user_id = ?)
16:12:46:100 DEBUG 22024 --- [http-nio-8082-exec-5] c.h.cart.mapper.CartMapper.selectList    : ==> Parameters: 2(Long)
16:12:46:106 DEBUG 22024 --- [http-nio-8082-exec-5] c.h.cart.mapper.CartMapper.selectList    : <==      Total: 1
16:12:46:113 DEBUG 22024 --- [http-nio-8082-exec-5] com.hmall.api.client.ItemClient          : [ItemClient#queryItemByIds] ---> GET http://item-service/items?ids=14741770661 HTTP/1.1
16:12:46:113 DEBUG 22024 --- [http-nio-8082-exec-5] com.hmall.api.client.ItemClient          : [ItemClient#queryItemByIds] ---> END HTTP (0-byte body)
16:12:46:618 DEBUG 22024 --- [http-nio-8082-exec-5] com.hmall.api.client.ItemClient          : [ItemClient#queryItemByIds] <--- HTTP/1.1 200  (504ms)
16:12:46:618 DEBUG 22024 --- [http-nio-8082-exec-5] com.hmall.api.client.ItemClient          : [ItemClient#queryItemByIds] connection: keep-alive
16:12:46:618 DEBUG 22024 --- [http-nio-8082-exec-5] com.hmall.api.client.ItemClient          : [ItemClient#queryItemByIds] content-type: application/json
16:12:46:619 DEBUG 22024 --- [http-nio-8082-exec-5] com.hmall.api.client.ItemClient          : [ItemClient#queryItemByIds] date: Fri, 08 Mar 2024 08:12:46 GMT
16:12:46:619 DEBUG 22024 --- [http-nio-8082-exec-5] com.hmall.api.client.ItemClient          : [ItemClient#queryItemByIds] keep-alive: timeout=60
16:12:46:619 DEBUG 22024 --- [http-nio-8082-exec-5] com.hmall.api.client.ItemClient          : [ItemClient#queryItemByIds] transfer-encoding: chunked
16:12:46:619 DEBUG 22024 --- [http-nio-8082-exec-5] com.hmall.api.client.ItemClient          : [ItemClient#queryItemByIds] 
16:12:46:619 DEBUG 22024 --- [http-nio-8082-exec-5] com.hmall.api.client.ItemClient          : [ItemClient#queryItemByIds] [{"id":"14741770661","name":"康佳（KONKA） LED49UC3 49英寸超薄曲面36核4K HDR人工智能电视","price":144600,"stock":10000,"image":"https://m.360buyimg.com/mobilecms/s720x720_jfs/t16477/84/2032772431/400946/2887be91/5a912776N7e343ec3.jpg!q70.jpg.webp","category":"曲面电视","brand":"康佳","spec":"{}","sold":0,"commentCount":0,"isAD":false,"status":1}]
16:12:46:620 DEBUG 22024 --- [http-nio-8082-exec-5] com.hmall.api.client.ItemClient          : [ItemClient#queryItemByIds] <--- END HTTP (371-byte body)
16:12:46:778  INFO 22024 --- [nacos-grpc-client-executor-36] com.alibaba.nacos.common.remote.client   : [2ad49ab8-1b11-475b-8b37-5c47c6d93d47] Receive server push request, request = NotifySubscriberRequest, requestId = 56
16:12:46:780  INFO 22024 --- [nacos-grpc-client-executor-36] com.alibaba.nacos.common.remote.client   : [2ad49ab8-1b11-475b-8b37-5c47c6d93d47] Ack server push request, request = NotifySubscriberRequest, requestId = 56
16:12:46:962 DEBUG 22024 --- [http-nio-8082-exec-6] c.h.cart.mapper.CartMapper.selectList    : ==>  Preparing: SELECT id,user_id,item_id,num,name,spec,price,image,create_time,update_time FROM cart WHERE (user_id = ?)
16:12:46:964 DEBUG 22024 --- [http-nio-8082-exec-6] c.h.cart.mapper.CartMapper.selectList    : ==> Parameters: 2(Long)
16:12:46:967 DEBUG 22024 --- [http-nio-8082-exec-6] c.h.cart.mapper.CartMapper.selectList    : <==      Total: 1
16:12:46:968 DEBUG 22024 --- [http-nio-8082-exec-6] com.hmall.api.client.ItemClient          : [ItemClient#queryItemByIds] ---> GET http://item-service/items?ids=14741770661 HTTP/1.1
16:12:46:968 DEBUG 22024 --- [http-nio-8082-exec-6] com.hmall.api.client.ItemClient          : [ItemClient#queryItemByIds] ---> END HTTP (0-byte body)
16:12:47:043 DEBUG 22024 --- [http-nio-8082-exec-6] com.hmall.api.client.ItemClient          : [ItemClient#queryItemByIds] <--- HTTP/1.1 200  (75ms)
16:12:47:043 DEBUG 22024 --- [http-nio-8082-exec-6] com.hmall.api.client.ItemClient          : [ItemClient#queryItemByIds] connection: keep-alive
16:12:47:043 DEBUG 22024 --- [http-nio-8082-exec-6] com.hmall.api.client.ItemClient          : [ItemClient#queryItemByIds] content-type: application/json
16:12:47:043 DEBUG 22024 --- [http-nio-8082-exec-6] com.hmall.api.client.ItemClient          : [ItemClient#queryItemByIds] date: Fri, 08 Mar 2024 08:12:47 GMT
16:12:47:043 DEBUG 22024 --- [http-nio-8082-exec-6] com.hmall.api.client.ItemClient          : [ItemClient#queryItemByIds] keep-alive: timeout=60
16:12:47:044 DEBUG 22024 --- [http-nio-8082-exec-6] com.hmall.api.client.ItemClient          : [ItemClient#queryItemByIds] transfer-encoding: chunked
16:12:47:044 DEBUG 22024 --- [http-nio-8082-exec-6] com.hmall.api.client.ItemClient          : [ItemClient#queryItemByIds] 
16:12:47:044 DEBUG 22024 --- [http-nio-8082-exec-6] com.hmall.api.client.ItemClient          : [ItemClient#queryItemByIds] [{"id":"14741770661","name":"康佳（KONKA） LED49UC3 49英寸超薄曲面36核4K HDR人工智能电视","price":144600,"stock":10000,"image":"https://m.360buyimg.com/mobilecms/s720x720_jfs/t16477/84/2032772431/400946/2887be91/5a912776N7e343ec3.jpg!q70.jpg.webp","category":"曲面电视","brand":"康佳","spec":"{}","sold":0,"commentCount":0,"isAD":false,"status":1}]
16:12:47:044 DEBUG 22024 --- [http-nio-8082-exec-6] com.hmall.api.client.ItemClient          : [ItemClient#queryItemByIds] <--- END HTTP (371-byte body)
16:23:23:331 DEBUG 22024 --- [http-nio-8082-exec-8] c.h.cart.mapper.CartMapper.selectCount   : ==>  Preparing: SELECT COUNT( * ) FROM cart WHERE (user_id = ? AND item_id = ?)
16:23:23:343 DEBUG 22024 --- [http-nio-8082-exec-8] c.h.cart.mapper.CartMapper.selectCount   : ==> Parameters: 2(Long), 100001511821(Long)
16:23:23:352 DEBUG 22024 --- [http-nio-8082-exec-8] c.h.cart.mapper.CartMapper.selectCount   : <==      Total: 1
16:23:23:356 DEBUG 22024 --- [http-nio-8082-exec-8] c.h.cart.mapper.CartMapper.selectCount   : ==>  Preparing: SELECT COUNT( * ) FROM cart WHERE (user_id = ?)
16:23:23:356 DEBUG 22024 --- [http-nio-8082-exec-8] c.h.cart.mapper.CartMapper.selectCount   : ==> Parameters: 2(Long)
16:23:23:358 DEBUG 22024 --- [http-nio-8082-exec-8] c.h.cart.mapper.CartMapper.selectCount   : <==      Total: 1
16:23:23:367 DEBUG 22024 --- [http-nio-8082-exec-8] com.hmall.cart.mapper.CartMapper.insert  : ==>  Preparing: INSERT INTO cart ( user_id, item_id, name, spec, price, image ) VALUES ( ?, ?, ?, ?, ?, ? )
16:23:23:369 DEBUG 22024 --- [http-nio-8082-exec-8] com.hmall.cart.mapper.CartMapper.insert  : ==> Parameters: 2(Long), 100001511821(Long), HMDIME 牛仔背带裤女2018秋冬新品 韩版学院风潮流百搭弹力修身补丁学生吊带长裤女 AXNZ369 深蓝 30(String), {"颜色": "蓝色", "尺码": "30"}(String), 13700(Integer), https://m.360buyimg.com/mobilecms/s720x720_jfs/t30892/263/313055374/557791/c98e9abc/5bef811aN036f7c3b.jpg!q70.jpg.webp(String)
16:23:23:375 DEBUG 22024 --- [http-nio-8082-exec-8] com.hmall.cart.mapper.CartMapper.insert  : <==    Updates: 1
16:23:23:523 DEBUG 22024 --- [http-nio-8082-exec-9] c.h.cart.mapper.CartMapper.selectList    : ==>  Preparing: SELECT id,user_id,item_id,num,name,spec,price,image,create_time,update_time FROM cart WHERE (user_id = ?)
16:23:23:532 DEBUG 22024 --- [http-nio-8082-exec-9] c.h.cart.mapper.CartMapper.selectList    : ==> Parameters: 2(Long)
16:23:23:545 DEBUG 22024 --- [http-nio-8082-exec-9] c.h.cart.mapper.CartMapper.selectList    : <==      Total: 2
16:23:23:564 DEBUG 22024 --- [http-nio-8082-exec-9] com.hmall.api.client.ItemClient          : [ItemClient#queryItemByIds] ---> GET http://item-service/items?ids=100001511821&ids=14741770661 HTTP/1.1
16:23:23:564 DEBUG 22024 --- [http-nio-8082-exec-9] com.hmall.api.client.ItemClient          : [ItemClient#queryItemByIds] ---> END HTTP (0-byte body)
16:23:23:661 DEBUG 22024 --- [http-nio-8082-exec-9] com.hmall.api.client.ItemClient          : [ItemClient#queryItemByIds] <--- HTTP/1.1 200  (96ms)
16:23:23:661 DEBUG 22024 --- [http-nio-8082-exec-9] com.hmall.api.client.ItemClient          : [ItemClient#queryItemByIds] connection: keep-alive
16:23:23:661 DEBUG 22024 --- [http-nio-8082-exec-9] com.hmall.api.client.ItemClient          : [ItemClient#queryItemByIds] content-type: application/json
16:23:23:661 DEBUG 22024 --- [http-nio-8082-exec-9] com.hmall.api.client.ItemClient          : [ItemClient#queryItemByIds] date: Fri, 08 Mar 2024 08:23:23 GMT
16:23:23:661 DEBUG 22024 --- [http-nio-8082-exec-9] com.hmall.api.client.ItemClient          : [ItemClient#queryItemByIds] keep-alive: timeout=60
16:23:23:662 DEBUG 22024 --- [http-nio-8082-exec-9] com.hmall.api.client.ItemClient          : [ItemClient#queryItemByIds] transfer-encoding: chunked
16:23:23:662 DEBUG 22024 --- [http-nio-8082-exec-9] com.hmall.api.client.ItemClient          : [ItemClient#queryItemByIds] 
16:23:23:663 DEBUG 22024 --- [http-nio-8082-exec-9] com.hmall.api.client.ItemClient          : [ItemClient#queryItemByIds] [{"id":"14741770661","name":"康佳（KONKA） LED49UC3 49英寸超薄曲面36核4K HDR人工智能电视","price":144600,"stock":10000,"image":"https://m.360buyimg.com/mobilecms/s720x720_jfs/t16477/84/2032772431/400946/2887be91/5a912776N7e343ec3.jpg!q70.jpg.webp","category":"曲面电视","brand":"康佳","spec":"{}","sold":0,"commentCount":0,"isAD":false,"status":1},{"id":"100001511821","name":"HMDIME 牛仔背带裤女2018秋冬新品 韩版学院风潮流百搭弹力修身补丁学生吊带长裤女 AXNZ369 深蓝 30","price":13700,"stock":10000,"image":"https://m.360buyimg.com/mobilecms/s720x720_jfs/t30892/263/313055374/557791/c98e9abc/5bef811aN036f7c3b.jpg!q70.jpg.webp","category":"牛仔裤","brand":"HMDIME","spec":"{\"颜色\": \"蓝色\", \"尺码\": \"30\"}","sold":0,"commentCount":0,"isAD":false,"status":1}]
16:23:23:663 DEBUG 22024 --- [http-nio-8082-exec-9] com.hmall.api.client.ItemClient          : [ItemClient#queryItemByIds] <--- END HTTP (830-byte body)
16:23:27:803 DEBUG 22024 --- [http-nio-8082-exec-10] c.h.cart.mapper.CartMapper.deleteById    : ==>  Preparing: DELETE FROM cart WHERE id=?
16:23:27:803 DEBUG 22024 --- [http-nio-8082-exec-10] c.h.cart.mapper.CartMapper.deleteById    : ==> Parameters: 10(Long)
16:23:27:807 DEBUG 22024 --- [http-nio-8082-exec-10] c.h.cart.mapper.CartMapper.deleteById    : <==    Updates: 1
16:23:27:839 DEBUG 22024 --- [http-nio-8082-exec-1] c.h.cart.mapper.CartMapper.selectList    : ==>  Preparing: SELECT id,user_id,item_id,num,name,spec,price,image,create_time,update_time FROM cart WHERE (user_id = ?)
16:23:27:840 DEBUG 22024 --- [http-nio-8082-exec-1] c.h.cart.mapper.CartMapper.selectList    : ==> Parameters: 2(Long)
16:23:27:842 DEBUG 22024 --- [http-nio-8082-exec-1] c.h.cart.mapper.CartMapper.selectList    : <==      Total: 1
16:23:27:843 DEBUG 22024 --- [http-nio-8082-exec-1] com.hmall.api.client.ItemClient          : [ItemClient#queryItemByIds] ---> GET http://item-service/items?ids=100001511821 HTTP/1.1
16:23:27:843 DEBUG 22024 --- [http-nio-8082-exec-1] com.hmall.api.client.ItemClient          : [ItemClient#queryItemByIds] ---> END HTTP (0-byte body)
16:23:27:856 DEBUG 22024 --- [http-nio-8082-exec-1] com.hmall.api.client.ItemClient          : [ItemClient#queryItemByIds] <--- HTTP/1.1 200  (13ms)
16:23:27:857 DEBUG 22024 --- [http-nio-8082-exec-1] com.hmall.api.client.ItemClient          : [ItemClient#queryItemByIds] connection: keep-alive
16:23:27:857 DEBUG 22024 --- [http-nio-8082-exec-1] com.hmall.api.client.ItemClient          : [ItemClient#queryItemByIds] content-type: application/json
16:23:27:857 DEBUG 22024 --- [http-nio-8082-exec-1] com.hmall.api.client.ItemClient          : [ItemClient#queryItemByIds] date: Fri, 08 Mar 2024 08:23:27 GMT
16:23:27:857 DEBUG 22024 --- [http-nio-8082-exec-1] com.hmall.api.client.ItemClient          : [ItemClient#queryItemByIds] keep-alive: timeout=60
16:23:27:857 DEBUG 22024 --- [http-nio-8082-exec-1] com.hmall.api.client.ItemClient          : [ItemClient#queryItemByIds] transfer-encoding: chunked
16:23:27:857 DEBUG 22024 --- [http-nio-8082-exec-1] com.hmall.api.client.ItemClient          : [ItemClient#queryItemByIds] 
16:23:27:857 DEBUG 22024 --- [http-nio-8082-exec-1] com.hmall.api.client.ItemClient          : [ItemClient#queryItemByIds] [{"id":"100001511821","name":"HMDIME 牛仔背带裤女2018秋冬新品 韩版学院风潮流百搭弹力修身补丁学生吊带长裤女 AXNZ369 深蓝 30","price":13700,"stock":10000,"image":"https://m.360buyimg.com/mobilecms/s720x720_jfs/t30892/263/313055374/557791/c98e9abc/5bef811aN036f7c3b.jpg!q70.jpg.webp","category":"牛仔裤","brand":"HMDIME","spec":"{\"颜色\": \"蓝色\", \"尺码\": \"30\"}","sold":0,"commentCount":0,"isAD":false,"status":1}]
16:23:27:857 DEBUG 22024 --- [http-nio-8082-exec-1] com.hmall.api.client.ItemClient          : [ItemClient#queryItemByIds] <--- END HTTP (460-byte body)
16:23:58:780 DEBUG 22024 --- [http-nio-8082-exec-2] c.h.cart.mapper.CartMapper.selectCount   : ==>  Preparing: SELECT COUNT( * ) FROM cart WHERE (user_id = ? AND item_id = ?)
16:23:58:781 DEBUG 22024 --- [http-nio-8082-exec-2] c.h.cart.mapper.CartMapper.selectCount   : ==> Parameters: 1(Long), 100001511821(Long)
16:23:58:782 DEBUG 22024 --- [http-nio-8082-exec-2] c.h.cart.mapper.CartMapper.selectCount   : <==      Total: 1
16:23:58:785 DEBUG 22024 --- [http-nio-8082-exec-2] c.h.cart.mapper.CartMapper.selectCount   : ==>  Preparing: SELECT COUNT( * ) FROM cart WHERE (user_id = ?)
16:23:58:785 DEBUG 22024 --- [http-nio-8082-exec-2] c.h.cart.mapper.CartMapper.selectCount   : ==> Parameters: 1(Long)
16:23:58:787 DEBUG 22024 --- [http-nio-8082-exec-2] c.h.cart.mapper.CartMapper.selectCount   : <==      Total: 1
16:23:58:790 DEBUG 22024 --- [http-nio-8082-exec-2] com.hmall.cart.mapper.CartMapper.insert  : ==>  Preparing: INSERT INTO cart ( user_id, item_id, name, spec, price, image ) VALUES ( ?, ?, ?, ?, ?, ? )
16:23:58:790 DEBUG 22024 --- [http-nio-8082-exec-2] com.hmall.cart.mapper.CartMapper.insert  : ==> Parameters: 1(Long), 100001511821(Long), HMDIME 牛仔背带裤女2018秋冬新品 韩版学院风潮流百搭弹力修身补丁学生吊带长裤女 AXNZ369 深蓝 30(String), {"颜色": "蓝色", "尺码": "30"}(String), 13700(Integer), https://m.360buyimg.com/mobilecms/s720x720_jfs/t30892/263/313055374/557791/c98e9abc/5bef811aN036f7c3b.jpg!q70.jpg.webp(String)
16:23:58:797 DEBUG 22024 --- [http-nio-8082-exec-2] com.hmall.cart.mapper.CartMapper.insert  : <==    Updates: 1
16:23:58:919 DEBUG 22024 --- [http-nio-8082-exec-3] c.h.cart.mapper.CartMapper.selectList    : ==>  Preparing: SELECT id,user_id,item_id,num,name,spec,price,image,create_time,update_time FROM cart WHERE (user_id = ?)
16:23:58:919 DEBUG 22024 --- [http-nio-8082-exec-3] c.h.cart.mapper.CartMapper.selectList    : ==> Parameters: 1(Long)
16:23:58:926 DEBUG 22024 --- [http-nio-8082-exec-3] c.h.cart.mapper.CartMapper.selectList    : <==      Total: 2
16:23:58:930 DEBUG 22024 --- [http-nio-8082-exec-3] com.hmall.api.client.ItemClient          : [ItemClient#queryItemByIds] ---> GET http://item-service/items?ids=100000006163&ids=100001511821 HTTP/1.1
16:23:58:931 DEBUG 22024 --- [http-nio-8082-exec-3] com.hmall.api.client.ItemClient          : [ItemClient#queryItemByIds] ---> END HTTP (0-byte body)
16:23:58:954 DEBUG 22024 --- [http-nio-8082-exec-3] com.hmall.api.client.ItemClient          : [ItemClient#queryItemByIds] <--- HTTP/1.1 200  (23ms)
16:23:58:954 DEBUG 22024 --- [http-nio-8082-exec-3] com.hmall.api.client.ItemClient          : [ItemClient#queryItemByIds] connection: keep-alive
16:23:58:955 DEBUG 22024 --- [http-nio-8082-exec-3] com.hmall.api.client.ItemClient          : [ItemClient#queryItemByIds] content-type: application/json
16:23:58:955 DEBUG 22024 --- [http-nio-8082-exec-3] com.hmall.api.client.ItemClient          : [ItemClient#queryItemByIds] date: Fri, 08 Mar 2024 08:23:58 GMT
16:23:58:955 DEBUG 22024 --- [http-nio-8082-exec-3] com.hmall.api.client.ItemClient          : [ItemClient#queryItemByIds] keep-alive: timeout=60
16:23:58:955 DEBUG 22024 --- [http-nio-8082-exec-3] com.hmall.api.client.ItemClient          : [ItemClient#queryItemByIds] transfer-encoding: chunked
16:23:58:955 DEBUG 22024 --- [http-nio-8082-exec-3] com.hmall.api.client.ItemClient          : [ItemClient#queryItemByIds] 
16:23:58:955 DEBUG 22024 --- [http-nio-8082-exec-3] com.hmall.api.client.ItemClient          : [ItemClient#queryItemByIds] [{"id":"100000006163","name":"巴布豆(BOBDOG)柔薄悦动婴儿拉拉裤XXL码80片(15kg以上)","price":67100,"stock":10000,"image":"https://m.360buyimg.com/mobilecms/s720x720_jfs/t23998/350/2363990466/222391/a6e9581d/5b7cba5bN0c18fb4f.jpg!q70.jpg.webp","category":"拉拉裤","brand":"巴布豆","spec":"{}","sold":11,"commentCount":33343434,"isAD":false,"status":2},{"id":"100001511821","name":"HMDIME 牛仔背带裤女2018秋冬新品 韩版学院风潮流百搭弹力修身补丁学生吊带长裤女 AXNZ369 深蓝 30","price":13700,"stock":10000,"image":"https://m.360buyimg.com/mobilecms/s720x720_jfs/t30892/263/313055374/557791/c98e9abc/5bef811aN036f7c3b.jpg!q70.jpg.webp","category":"牛仔裤","brand":"HMDIME","spec":"{\"颜色\": \"蓝色\", \"尺码\": \"30\"}","sold":0,"commentCount":0,"isAD":false,"status":1}]
16:23:58:955 DEBUG 22024 --- [http-nio-8082-exec-3] com.hmall.api.client.ItemClient          : [ItemClient#queryItemByIds] <--- END HTTP (830-byte body)
16:25:51:148  WARN 22024 --- [Thread-7] c.a.n.common.http.HttpClientBeanHolder   : [HttpClientBeanHolder] Start destroying common HttpClient
16:25:51:148  WARN 22024 --- [Thread-4] c.a.nacos.common.notify.NotifyCenter     : [NotifyCenter] Start destroying Publisher
16:25:51:152  WARN 22024 --- [Thread-4] c.a.nacos.common.notify.NotifyCenter     : [NotifyCenter] Destruction of the end
16:25:51:159  WARN 22024 --- [Thread-7] c.a.n.common.http.HttpClientBeanHolder   : [HttpClientBeanHolder] Destruction of the end
16:25:51:869  INFO 22024 --- [SpringApplicationShutdownHook] c.a.c.n.registry.NacosServiceRegistry    : De-registering from Nacos Server now...
16:25:51:886  INFO 22024 --- [SpringApplicationShutdownHook] c.a.c.n.registry.NacosServiceRegistry    : De-registration finished.
16:25:52:233  INFO 22024 --- [SpringApplicationShutdownHook] com.alibaba.nacos.common.remote.client   : Shutdown rpc client, set status to shutdown
16:25:52:234  INFO 22024 --- [SpringApplicationShutdownHook] com.alibaba.nacos.common.remote.client   : Shutdown client event executor java.util.concurrent.ScheduledThreadPoolExecutor@75cf0edb[Running, pool size = 2, active threads = 2, queued tasks = 0, completed tasks = 0]
16:25:52:235  INFO 22024 --- [SpringApplicationShutdownHook] com.alibaba.nacos.common.remote.client   : Close current connection 1709885449402_192.168.200.1_50115
16:25:52:256  INFO 22024 --- [nacos-grpc-client-executor-200] c.a.n.c.remote.client.grpc.GrpcClient    : [1709885449402_192.168.200.1_50115]Ignore complete event,isRunning:false,isAbandon=false
16:25:52:415  INFO 22024 --- [SpringApplicationShutdownHook] c.a.n.c.remote.client.grpc.GrpcClient    : Shutdown grpc executor java.util.concurrent.ThreadPoolExecutor@284c1282[Running, pool size = 5, active threads = 0, queued tasks = 0, completed tasks = 201]
16:25:52:492  INFO 22024 --- [SpringApplicationShutdownHook] com.zaxxer.hikari.HikariDataSource       : HikariPool-1 - Shutdown initiated...
16:25:52:744  INFO 22024 --- [SpringApplicationShutdownHook] com.zaxxer.hikari.HikariDataSource       : HikariPool-1 - Shutdown completed.
16:25:59:881  INFO 15380 --- [main] com.hmall.cart.cartApplication           : Starting cartApplication using Java 11.0.6 on DESKTOP-0MIP88E with PID 15380 (C:\Users\xiaoyy\Desktop\hmmall\hmall\cart-service\target\classes started by xiaoyy in C:\Users\xiaoyy\Desktop\hmmall\hmall)
16:25:59:883 DEBUG 15380 --- [main] com.hmall.cart.cartApplication           : Running with Spring Boot v2.7.12, Spring v5.3.27
16:25:59:883  INFO 15380 --- [main] com.hmall.cart.cartApplication           : The following 1 profile is active: "local"
16:26:01:615  INFO 15380 --- [main] .s.d.r.c.RepositoryConfigurationDelegate : Multiple Spring Data modules found, entering strict repository configuration mode
16:26:01:618  INFO 15380 --- [main] .s.d.r.c.RepositoryConfigurationDelegate : Bootstrapping Spring Data Redis repositories in DEFAULT mode.
16:26:01:677  INFO 15380 --- [main] .s.d.r.c.RepositoryConfigurationDelegate : Finished Spring Data repository scanning in 12 ms. Found 0 Redis repository interfaces.
16:26:02:213  INFO 15380 --- [main] o.s.cloud.context.scope.GenericScope     : BeanFactory id=441604e0-8f34-3968-8424-7fdc03c2963d
16:26:03:206  INFO 15380 --- [main] o.s.b.w.embedded.tomcat.TomcatWebServer  : Tomcat initialized with port(s): 8082 (http)
16:26:03:232  INFO 15380 --- [main] o.apache.catalina.core.StandardService   : Starting service [Tomcat]
16:26:03:233  INFO 15380 --- [main] org.apache.catalina.core.StandardEngine  : Starting Servlet engine: [Apache Tomcat/9.0.75]
16:26:03:503  INFO 15380 --- [main] o.a.c.c.C.[Tomcat].[localhost].[/]       : Initializing Spring embedded WebApplicationContext
16:26:03:504  INFO 15380 --- [main] w.s.c.ServletWebServerApplicationContext : Root WebApplicationContext: initialization completed in 3565 ms
16:26:04:943  INFO 15380 --- [main] o.s.c.openfeign.FeignClientFactoryBean   : For 'item-service' URL not provided. Will try picking an instance via load-balancing.
16:26:08:367  INFO 15380 --- [main] pertySourcedRequestMappingHandlerMapping : Mapped URL path [/v2/api-docs] onto method [springfox.documentation.swagger2.web.Swagger2ControllerWebMvc#getDocumentation(String, HttpServletRequest)]
16:26:09:455  INFO 15380 --- [main] com.alibaba.nacos.common.remote.client   : [RpcClientFactory] create a new rpc client of c4180fb8-912b-44b8-945b-11e41ab54123
16:26:09:558  INFO 15380 --- [main] org.reflections.Reflections              : Reflections took 48 ms to scan 1 urls, producing 3 keys and 6 values 
16:26:09:619  INFO 15380 --- [main] org.reflections.Reflections              : Reflections took 20 ms to scan 1 urls, producing 4 keys and 9 values 
16:26:09:631  INFO 15380 --- [main] org.reflections.Reflections              : Reflections took 8 ms to scan 1 urls, producing 3 keys and 10 values 
16:26:09:635  WARN 15380 --- [main] org.reflections.Reflections              : given scan urls are empty. set urls in the configuration
16:26:09:642  INFO 15380 --- [main] org.reflections.Reflections              : Reflections took 7 ms to scan 1 urls, producing 1 keys and 5 values 
16:26:09:657  INFO 15380 --- [main] org.reflections.Reflections              : Reflections took 9 ms to scan 1 urls, producing 1 keys and 7 values 
16:26:09:674  INFO 15380 --- [main] org.reflections.Reflections              : Reflections took 10 ms to scan 1 urls, producing 2 keys and 8 values 
16:26:09:686  WARN 15380 --- [main] org.reflections.Reflections              : given scan urls are empty. set urls in the configuration
16:26:09:689  INFO 15380 --- [main] com.alibaba.nacos.common.remote.client   : [c4180fb8-912b-44b8-945b-11e41ab54123] RpcClient init label, labels = {module=naming, source=sdk}
16:26:09:699  INFO 15380 --- [main] com.alibaba.nacos.common.remote.client   : [c4180fb8-912b-44b8-945b-11e41ab54123] RpcClient init, ServerListFactory = com.alibaba.nacos.client.naming.core.ServerListManager
16:26:09:700  INFO 15380 --- [main] com.alibaba.nacos.common.remote.client   : [c4180fb8-912b-44b8-945b-11e41ab54123] Registry connection listener to current client:com.alibaba.nacos.client.naming.remote.gprc.redo.NamingGrpcRedoService
16:26:09:703  INFO 15380 --- [main] com.alibaba.nacos.common.remote.client   : [c4180fb8-912b-44b8-945b-11e41ab54123] Register server push request handler:com.alibaba.nacos.client.naming.remote.gprc.NamingPushRequestHandler
16:26:09:711  INFO 15380 --- [main] com.alibaba.nacos.common.remote.client   : [c4180fb8-912b-44b8-945b-11e41ab54123] Try to connect to server on start up, server: {serverIp = '192.168.200.132', server main port = 8848}
16:26:12:666  INFO 15380 --- [main] com.alibaba.nacos.common.remote.client   : [c4180fb8-912b-44b8-945b-11e41ab54123] Success to connect to server [192.168.200.132:8848] on start up, connectionId = 1709886368037_192.168.200.1_51891
16:26:12:668  INFO 15380 --- [com.alibaba.nacos.client.remote.worker] com.alibaba.nacos.common.remote.client   : [c4180fb8-912b-44b8-945b-11e41ab54123] Notify connected event to listeners.
16:26:12:670  INFO 15380 --- [main] com.alibaba.nacos.common.remote.client   : [c4180fb8-912b-44b8-945b-11e41ab54123] Register server push request handler:com.alibaba.nacos.common.remote.client.RpcClient$ConnectResetRequestHandler
16:26:12:672  INFO 15380 --- [main] com.alibaba.nacos.common.remote.client   : [c4180fb8-912b-44b8-945b-11e41ab54123] Register server push request handler:com.alibaba.nacos.common.remote.client.RpcClient$$Lambda$1131/0x000000080080c040
16:26:12:819  INFO 15380 --- [main] o.s.b.w.embedded.tomcat.TomcatWebServer  : Tomcat started on port(s): 8082 (http) with context path ''
16:26:13:397  INFO 15380 --- [nacos-grpc-client-executor-11] com.alibaba.nacos.common.remote.client   : [c4180fb8-912b-44b8-945b-11e41ab54123] Receive server push request, request = NotifySubscriberRequest, requestId = 67
16:26:13:429  INFO 15380 --- [nacos-grpc-client-executor-11] com.alibaba.nacos.common.remote.client   : [c4180fb8-912b-44b8-945b-11e41ab54123] Ack server push request, request = NotifySubscriberRequest, requestId = 67
16:26:13:507  INFO 15380 --- [main] c.a.c.n.registry.NacosServiceRegistry    : nacos registry, DEFAULT_GROUP cart-service 192.168.200.1:8082 register finished
16:26:13:511  INFO 15380 --- [main] d.s.w.p.DocumentationPluginsBootstrapper : Documentation plugins bootstrapped
16:26:13:524  INFO 15380 --- [main] d.s.w.p.DocumentationPluginsBootstrapper : Found 1 custom documentation plugin(s)
16:26:13:622  INFO 15380 --- [main] s.d.s.w.s.ApiListingReferenceScanner     : Scanning for api listing references
16:26:13:872  INFO 15380 --- [main] com.hmall.cart.cartApplication           : Started cartApplication in 15.09 seconds (JVM running for 16.485)
16:26:14:091  INFO 15380 --- [nacos-grpc-client-executor-15] com.alibaba.nacos.common.remote.client   : [c4180fb8-912b-44b8-945b-11e41ab54123] Receive server push request, request = NotifySubscriberRequest, requestId = 68
16:26:14:118  INFO 15380 --- [nacos-grpc-client-executor-15] com.alibaba.nacos.common.remote.client   : [c4180fb8-912b-44b8-945b-11e41ab54123] Ack server push request, request = NotifySubscriberRequest, requestId = 68
16:35:53:665  INFO 15380 --- [http-nio-8082-exec-1] o.a.c.c.C.[Tomcat].[localhost].[/]       : Initializing Spring DispatcherServlet 'dispatcherServlet'
16:35:53:672  INFO 15380 --- [http-nio-8082-exec-1] o.s.web.servlet.DispatcherServlet        : Initializing Servlet 'dispatcherServlet'
16:35:53:716  INFO 15380 --- [http-nio-8082-exec-1] o.s.web.servlet.DispatcherServlet        : Completed initialization in 43 ms
16:35:54:077  INFO 15380 --- [http-nio-8082-exec-1] com.zaxxer.hikari.HikariDataSource       : HikariPool-1 - Starting...
16:35:54:409  INFO 15380 --- [http-nio-8082-exec-1] com.zaxxer.hikari.HikariDataSource       : HikariPool-1 - Start completed.
16:35:54:426 DEBUG 15380 --- [http-nio-8082-exec-1] c.h.cart.mapper.CartMapper.selectList    : ==>  Preparing: SELECT id,user_id,item_id,num,name,spec,price,image,create_time,update_time FROM cart WHERE (user_id = ?)
16:35:54:456 DEBUG 15380 --- [http-nio-8082-exec-1] c.h.cart.mapper.CartMapper.selectList    : ==> Parameters: 1(Long)
16:35:54:488 DEBUG 15380 --- [http-nio-8082-exec-1] c.h.cart.mapper.CartMapper.selectList    : <==      Total: 2
16:35:54:583 DEBUG 15380 --- [http-nio-8082-exec-1] com.hmall.api.client.ItemClient          : [ItemClient#queryItemByIds] ---> GET http://item-service/items?ids=100000006163&ids=100001511821 HTTP/1.1
16:35:54:583 DEBUG 15380 --- [http-nio-8082-exec-1] com.hmall.api.client.ItemClient          : [ItemClient#queryItemByIds] ---> END HTTP (0-byte body)
16:35:55:391  INFO 15380 --- [nacos-grpc-client-executor-136] com.alibaba.nacos.common.remote.client   : [c4180fb8-912b-44b8-945b-11e41ab54123] Receive server push request, request = NotifySubscriberRequest, requestId = 79
16:35:55:393  INFO 15380 --- [nacos-grpc-client-executor-136] com.alibaba.nacos.common.remote.client   : [c4180fb8-912b-44b8-945b-11e41ab54123] Ack server push request, request = NotifySubscriberRequest, requestId = 79
16:35:56:415 DEBUG 15380 --- [http-nio-8082-exec-1] com.hmall.api.client.ItemClient          : [ItemClient#queryItemByIds] <--- HTTP/1.1 200  (1831ms)
16:35:56:416 DEBUG 15380 --- [http-nio-8082-exec-1] com.hmall.api.client.ItemClient          : [ItemClient#queryItemByIds] connection: keep-alive
16:35:56:416 DEBUG 15380 --- [http-nio-8082-exec-1] com.hmall.api.client.ItemClient          : [ItemClient#queryItemByIds] content-type: application/json
16:35:56:416 DEBUG 15380 --- [http-nio-8082-exec-1] com.hmall.api.client.ItemClient          : [ItemClient#queryItemByIds] date: Fri, 08 Mar 2024 08:35:56 GMT
16:35:56:416 DEBUG 15380 --- [http-nio-8082-exec-1] com.hmall.api.client.ItemClient          : [ItemClient#queryItemByIds] keep-alive: timeout=60
16:35:56:416 DEBUG 15380 --- [http-nio-8082-exec-1] com.hmall.api.client.ItemClient          : [ItemClient#queryItemByIds] transfer-encoding: chunked
16:35:56:416 DEBUG 15380 --- [http-nio-8082-exec-1] com.hmall.api.client.ItemClient          : [ItemClient#queryItemByIds] 
16:35:56:418 DEBUG 15380 --- [http-nio-8082-exec-1] com.hmall.api.client.ItemClient          : [ItemClient#queryItemByIds] [{"id":"100000006163","name":"巴布豆(BOBDOG)柔薄悦动婴儿拉拉裤XXL码80片(15kg以上)","price":67100,"stock":10000,"image":"https://m.360buyimg.com/mobilecms/s720x720_jfs/t23998/350/2363990466/222391/a6e9581d/5b7cba5bN0c18fb4f.jpg!q70.jpg.webp","category":"拉拉裤","brand":"巴布豆","spec":"{}","sold":11,"commentCount":33343434,"isAD":false,"status":2},{"id":"100001511821","name":"HMDIME 牛仔背带裤女2018秋冬新品 韩版学院风潮流百搭弹力修身补丁学生吊带长裤女 AXNZ369 深蓝 30","price":13700,"stock":10000,"image":"https://m.360buyimg.com/mobilecms/s720x720_jfs/t30892/263/313055374/557791/c98e9abc/5bef811aN036f7c3b.jpg!q70.jpg.webp","category":"牛仔裤","brand":"HMDIME","spec":"{\"颜色\": \"蓝色\", \"尺码\": \"30\"}","sold":0,"commentCount":0,"isAD":false,"status":1}]
16:35:56:418 DEBUG 15380 --- [http-nio-8082-exec-1] com.hmall.api.client.ItemClient          : [ItemClient#queryItemByIds] <--- END HTTP (830-byte body)
16:35:59:873 DEBUG 15380 --- [http-nio-8082-exec-2] c.h.cart.mapper.CartMapper.selectList    : ==>  Preparing: SELECT id,user_id,item_id,num,name,spec,price,image,create_time,update_time FROM cart WHERE (user_id = ?)
16:35:59:873 DEBUG 15380 --- [http-nio-8082-exec-2] c.h.cart.mapper.CartMapper.selectList    : ==> Parameters: 1(Long)
16:35:59:875 DEBUG 15380 --- [http-nio-8082-exec-2] c.h.cart.mapper.CartMapper.selectList    : <==      Total: 2
16:35:59:876 DEBUG 15380 --- [http-nio-8082-exec-2] com.hmall.api.client.ItemClient          : [ItemClient#queryItemByIds] ---> GET http://item-service/items?ids=100000006163&ids=100001511821 HTTP/1.1
16:35:59:876 DEBUG 15380 --- [http-nio-8082-exec-2] com.hmall.api.client.ItemClient          : [ItemClient#queryItemByIds] ---> END HTTP (0-byte body)
16:36:01:936 DEBUG 15380 --- [http-nio-8082-exec-2] com.hmall.api.client.ItemClient          : [ItemClient#queryItemByIds] <--- HTTP/1.1 200  (2059ms)
16:36:01:936 DEBUG 15380 --- [http-nio-8082-exec-2] com.hmall.api.client.ItemClient          : [ItemClient#queryItemByIds] connection: keep-alive
16:36:01:936 DEBUG 15380 --- [http-nio-8082-exec-2] com.hmall.api.client.ItemClient          : [ItemClient#queryItemByIds] content-type: application/json
16:36:01:936 DEBUG 15380 --- [http-nio-8082-exec-2] com.hmall.api.client.ItemClient          : [ItemClient#queryItemByIds] date: Fri, 08 Mar 2024 08:36:01 GMT
16:36:01:936 DEBUG 15380 --- [http-nio-8082-exec-2] com.hmall.api.client.ItemClient          : [ItemClient#queryItemByIds] keep-alive: timeout=60
16:36:01:936 DEBUG 15380 --- [http-nio-8082-exec-2] com.hmall.api.client.ItemClient          : [ItemClient#queryItemByIds] transfer-encoding: chunked
16:36:01:936 DEBUG 15380 --- [http-nio-8082-exec-2] com.hmall.api.client.ItemClient          : [ItemClient#queryItemByIds] 
16:36:01:940 DEBUG 15380 --- [http-nio-8082-exec-2] com.hmall.api.client.ItemClient          : [ItemClient#queryItemByIds] [{"id":"100000006163","name":"巴布豆(BOBDOG)柔薄悦动婴儿拉拉裤XXL码80片(15kg以上)","price":67100,"stock":10000,"image":"https://m.360buyimg.com/mobilecms/s720x720_jfs/t23998/350/2363990466/222391/a6e9581d/5b7cba5bN0c18fb4f.jpg!q70.jpg.webp","category":"拉拉裤","brand":"巴布豆","spec":"{}","sold":11,"commentCount":33343434,"isAD":false,"status":2},{"id":"100001511821","name":"HMDIME 牛仔背带裤女2018秋冬新品 韩版学院风潮流百搭弹力修身补丁学生吊带长裤女 AXNZ369 深蓝 30","price":13700,"stock":10000,"image":"https://m.360buyimg.com/mobilecms/s720x720_jfs/t30892/263/313055374/557791/c98e9abc/5bef811aN036f7c3b.jpg!q70.jpg.webp","category":"牛仔裤","brand":"HMDIME","spec":"{\"颜色\": \"蓝色\", \"尺码\": \"30\"}","sold":0,"commentCount":0,"isAD":false,"status":1}]
16:36:01:941 DEBUG 15380 --- [http-nio-8082-exec-2] com.hmall.api.client.ItemClient          : [ItemClient#queryItemByIds] <--- END HTTP (830-byte body)
16:36:01:961 DEBUG 15380 --- [http-nio-8082-exec-3] c.h.cart.mapper.CartMapper.selectList    : ==>  Preparing: SELECT id,user_id,item_id,num,name,spec,price,image,create_time,update_time FROM cart WHERE (user_id = ?)
16:36:01:962 DEBUG 15380 --- [http-nio-8082-exec-3] c.h.cart.mapper.CartMapper.selectList    : ==> Parameters: 1(Long)
16:36:01:965 DEBUG 15380 --- [http-nio-8082-exec-3] c.h.cart.mapper.CartMapper.selectList    : <==      Total: 2
16:36:01:966 DEBUG 15380 --- [http-nio-8082-exec-3] com.hmall.api.client.ItemClient          : [ItemClient#queryItemByIds] ---> GET http://item-service/items?ids=100000006163&ids=100001511821 HTTP/1.1
16:36:01:966 DEBUG 15380 --- [http-nio-8082-exec-3] com.hmall.api.client.ItemClient          : [ItemClient#queryItemByIds] ---> END HTTP (0-byte body)
16:36:01:979 DEBUG 15380 --- [http-nio-8082-exec-3] com.hmall.api.client.ItemClient          : [ItemClient#queryItemByIds] <--- HTTP/1.1 200  (12ms)
16:36:01:979 DEBUG 15380 --- [http-nio-8082-exec-3] com.hmall.api.client.ItemClient          : [ItemClient#queryItemByIds] connection: keep-alive
16:36:01:979 DEBUG 15380 --- [http-nio-8082-exec-3] com.hmall.api.client.ItemClient          : [ItemClient#queryItemByIds] content-type: application/json
16:36:01:979 DEBUG 15380 --- [http-nio-8082-exec-3] com.hmall.api.client.ItemClient          : [ItemClient#queryItemByIds] date: Fri, 08 Mar 2024 08:36:01 GMT
16:36:01:979 DEBUG 15380 --- [http-nio-8082-exec-3] com.hmall.api.client.ItemClient          : [ItemClient#queryItemByIds] keep-alive: timeout=60
16:36:01:979 DEBUG 15380 --- [http-nio-8082-exec-3] com.hmall.api.client.ItemClient          : [ItemClient#queryItemByIds] transfer-encoding: chunked
16:36:01:979 DEBUG 15380 --- [http-nio-8082-exec-3] com.hmall.api.client.ItemClient          : [ItemClient#queryItemByIds] 
16:36:01:980 DEBUG 15380 --- [http-nio-8082-exec-3] com.hmall.api.client.ItemClient          : [ItemClient#queryItemByIds] [{"id":"100000006163","name":"巴布豆(BOBDOG)柔薄悦动婴儿拉拉裤XXL码80片(15kg以上)","price":67100,"stock":10000,"image":"https://m.360buyimg.com/mobilecms/s720x720_jfs/t23998/350/2363990466/222391/a6e9581d/5b7cba5bN0c18fb4f.jpg!q70.jpg.webp","category":"拉拉裤","brand":"巴布豆","spec":"{}","sold":11,"commentCount":33343434,"isAD":false,"status":2},{"id":"100001511821","name":"HMDIME 牛仔背带裤女2018秋冬新品 韩版学院风潮流百搭弹力修身补丁学生吊带长裤女 AXNZ369 深蓝 30","price":13700,"stock":10000,"image":"https://m.360buyimg.com/mobilecms/s720x720_jfs/t30892/263/313055374/557791/c98e9abc/5bef811aN036f7c3b.jpg!q70.jpg.webp","category":"牛仔裤","brand":"HMDIME","spec":"{\"颜色\": \"蓝色\", \"尺码\": \"30\"}","sold":0,"commentCount":0,"isAD":false,"status":1}]
16:36:01:980 DEBUG 15380 --- [http-nio-8082-exec-3] com.hmall.api.client.ItemClient          : [ItemClient#queryItemByIds] <--- END HTTP (830-byte body)
16:36:10:187 DEBUG 15380 --- [http-nio-8082-exec-4] c.h.cart.mapper.CartMapper.selectCount   : ==>  Preparing: SELECT COUNT( * ) FROM cart WHERE (user_id = ? AND item_id = ?)
16:36:10:187 DEBUG 15380 --- [http-nio-8082-exec-4] c.h.cart.mapper.CartMapper.selectCount   : ==> Parameters: 1(Long), 1533902(Long)
16:36:10:189 DEBUG 15380 --- [http-nio-8082-exec-4] c.h.cart.mapper.CartMapper.selectCount   : <==      Total: 1
16:36:10:191 DEBUG 15380 --- [http-nio-8082-exec-4] c.h.cart.mapper.CartMapper.selectCount   : ==>  Preparing: SELECT COUNT( * ) FROM cart WHERE (user_id = ?)
16:36:10:192 DEBUG 15380 --- [http-nio-8082-exec-4] c.h.cart.mapper.CartMapper.selectCount   : ==> Parameters: 1(Long)
16:36:10:193 DEBUG 15380 --- [http-nio-8082-exec-4] c.h.cart.mapper.CartMapper.selectCount   : <==      Total: 1
16:36:10:199 DEBUG 15380 --- [http-nio-8082-exec-4] com.hmall.cart.mapper.CartMapper.insert  : ==>  Preparing: INSERT INTO cart ( user_id, item_id, name, spec, price, image ) VALUES ( ?, ?, ?, ?, ?, ? )
16:36:10:200 DEBUG 15380 --- [http-nio-8082-exec-4] com.hmall.cart.mapper.CartMapper.insert  : ==> Parameters: 1(Long), 1533902(Long), 新西兰进口牛奶 纽仕兰 3.5g蛋白质全脂牛奶 250ml*24整箱装纯牛奶(String), {}(String), 9700(Integer), https://m.360buyimg.com/mobilecms/s720x720_jfs/t3526/295/888755633/189982/16ea21b4/5816dce5N70820f42.jpg!q70.jpg.webp(String)
16:36:10:209 DEBUG 15380 --- [http-nio-8082-exec-4] com.hmall.cart.mapper.CartMapper.insert  : <==    Updates: 1
16:36:10:347 DEBUG 15380 --- [http-nio-8082-exec-5] c.h.cart.mapper.CartMapper.selectList    : ==>  Preparing: SELECT id,user_id,item_id,num,name,spec,price,image,create_time,update_time FROM cart WHERE (user_id = ?)
16:36:10:348 DEBUG 15380 --- [http-nio-8082-exec-5] c.h.cart.mapper.CartMapper.selectList    : ==> Parameters: 1(Long)
16:36:10:353 DEBUG 15380 --- [http-nio-8082-exec-5] c.h.cart.mapper.CartMapper.selectList    : <==      Total: 3
16:36:10:354 DEBUG 15380 --- [http-nio-8082-exec-5] com.hmall.api.client.ItemClient          : [ItemClient#queryItemByIds] ---> GET http://item-service/items?ids=100000006163&ids=100001511821&ids=1533902 HTTP/1.1
16:36:10:354 DEBUG 15380 --- [http-nio-8082-exec-5] com.hmall.api.client.ItemClient          : [ItemClient#queryItemByIds] ---> END HTTP (0-byte body)
16:36:10:377 DEBUG 15380 --- [http-nio-8082-exec-5] com.hmall.api.client.ItemClient          : [ItemClient#queryItemByIds] <--- HTTP/1.1 200  (22ms)
16:36:10:377 DEBUG 15380 --- [http-nio-8082-exec-5] com.hmall.api.client.ItemClient          : [ItemClient#queryItemByIds] connection: keep-alive
16:36:10:377 DEBUG 15380 --- [http-nio-8082-exec-5] com.hmall.api.client.ItemClient          : [ItemClient#queryItemByIds] content-type: application/json
16:36:10:377 DEBUG 15380 --- [http-nio-8082-exec-5] com.hmall.api.client.ItemClient          : [ItemClient#queryItemByIds] date: Fri, 08 Mar 2024 08:36:10 GMT
16:36:10:377 DEBUG 15380 --- [http-nio-8082-exec-5] com.hmall.api.client.ItemClient          : [ItemClient#queryItemByIds] keep-alive: timeout=60
16:36:10:377 DEBUG 15380 --- [http-nio-8082-exec-5] com.hmall.api.client.ItemClient          : [ItemClient#queryItemByIds] transfer-encoding: chunked
16:36:10:377 DEBUG 15380 --- [http-nio-8082-exec-5] com.hmall.api.client.ItemClient          : [ItemClient#queryItemByIds] 
16:36:10:378 DEBUG 15380 --- [http-nio-8082-exec-5] com.hmall.api.client.ItemClient          : [ItemClient#queryItemByIds] [{"id":"1533902","name":"新西兰进口牛奶 纽仕兰 3.5g蛋白质全脂牛奶 250ml*24整箱装纯牛奶","price":9700,"stock":10000,"image":"https://m.360buyimg.com/mobilecms/s720x720_jfs/t3526/295/888755633/189982/16ea21b4/5816dce5N70820f42.jpg!q70.jpg.webp","category":"牛奶","brand":"纽仕兰","spec":"{}","sold":0,"commentCount":0,"isAD":false,"status":1},{"id":"100000006163","name":"巴布豆(BOBDOG)柔薄悦动婴儿拉拉裤XXL码80片(15kg以上)","price":67100,"stock":10000,"image":"https://m.360buyimg.com/mobilecms/s720x720_jfs/t23998/350/2363990466/222391/a6e9581d/5b7cba5bN0c18fb4f.jpg!q70.jpg.webp","category":"拉拉裤","brand":"巴布豆","spec":"{}","sold":11,"commentCount":33343434,"isAD":false,"status":2},{"id":"100001511821","name":"HMDIME 牛仔背带裤女2018秋冬新品 韩版学院风潮流百搭弹力修身补丁学生吊带长裤女 AXNZ369 深蓝 30","price":13700,"stock":10000,"image":"https://m.360buyimg.com/mobilecms/s720x720_jfs/t30892/263/313055374/557791/c98e9abc/5bef811aN036f7c3b.jpg!q70.jpg.webp","category":"牛仔裤","brand":"HMDIME","spec":"{\"颜色\": \"蓝色\", \"尺码\": \"30\"}","sold":0,"commentCount":0,"isAD":false,"status":1}]
16:36:10:379 DEBUG 15380 --- [http-nio-8082-exec-5] com.hmall.api.client.ItemClient          : [ItemClient#queryItemByIds] <--- END HTTP (1198-byte body)
16:36:14:042 DEBUG 15380 --- [http-nio-8082-exec-10] c.h.cart.mapper.CartMapper.deleteById    : ==>  Preparing: DELETE FROM cart WHERE id=?
16:36:14:043 DEBUG 15380 --- [http-nio-8082-exec-10] c.h.cart.mapper.CartMapper.deleteById    : ==> Parameters: 7(Long)
16:36:14:047 DEBUG 15380 --- [http-nio-8082-exec-10] c.h.cart.mapper.CartMapper.deleteById    : <==    Updates: 1
16:36:14:063 DEBUG 15380 --- [http-nio-8082-exec-6] c.h.cart.mapper.CartMapper.selectList    : ==>  Preparing: SELECT id,user_id,item_id,num,name,spec,price,image,create_time,update_time FROM cart WHERE (user_id = ?)
16:36:14:064 DEBUG 15380 --- [http-nio-8082-exec-6] c.h.cart.mapper.CartMapper.selectList    : ==> Parameters: 1(Long)
16:36:14:066 DEBUG 15380 --- [http-nio-8082-exec-6] c.h.cart.mapper.CartMapper.selectList    : <==      Total: 2
16:36:14:067 DEBUG 15380 --- [http-nio-8082-exec-6] com.hmall.api.client.ItemClient          : [ItemClient#queryItemByIds] ---> GET http://item-service/items?ids=100001511821&ids=1533902 HTTP/1.1
16:36:14:067 DEBUG 15380 --- [http-nio-8082-exec-6] com.hmall.api.client.ItemClient          : [ItemClient#queryItemByIds] ---> END HTTP (0-byte body)
16:36:14:077 DEBUG 15380 --- [http-nio-8082-exec-6] com.hmall.api.client.ItemClient          : [ItemClient#queryItemByIds] <--- HTTP/1.1 200  (9ms)
16:36:14:077 DEBUG 15380 --- [http-nio-8082-exec-6] com.hmall.api.client.ItemClient          : [ItemClient#queryItemByIds] connection: keep-alive
16:36:14:077 DEBUG 15380 --- [http-nio-8082-exec-6] com.hmall.api.client.ItemClient          : [ItemClient#queryItemByIds] content-type: application/json
16:36:14:077 DEBUG 15380 --- [http-nio-8082-exec-6] com.hmall.api.client.ItemClient          : [ItemClient#queryItemByIds] date: Fri, 08 Mar 2024 08:36:14 GMT
16:36:14:077 DEBUG 15380 --- [http-nio-8082-exec-6] com.hmall.api.client.ItemClient          : [ItemClient#queryItemByIds] keep-alive: timeout=60
16:36:14:077 DEBUG 15380 --- [http-nio-8082-exec-6] com.hmall.api.client.ItemClient          : [ItemClient#queryItemByIds] transfer-encoding: chunked
16:36:14:077 DEBUG 15380 --- [http-nio-8082-exec-6] com.hmall.api.client.ItemClient          : [ItemClient#queryItemByIds] 
16:36:14:078 DEBUG 15380 --- [http-nio-8082-exec-6] com.hmall.api.client.ItemClient          : [ItemClient#queryItemByIds] [{"id":"1533902","name":"新西兰进口牛奶 纽仕兰 3.5g蛋白质全脂牛奶 250ml*24整箱装纯牛奶","price":9700,"stock":10000,"image":"https://m.360buyimg.com/mobilecms/s720x720_jfs/t3526/295/888755633/189982/16ea21b4/5816dce5N70820f42.jpg!q70.jpg.webp","category":"牛奶","brand":"纽仕兰","spec":"{}","sold":0,"commentCount":0,"isAD":false,"status":1},{"id":"100001511821","name":"HMDIME 牛仔背带裤女2018秋冬新品 韩版学院风潮流百搭弹力修身补丁学生吊带长裤女 AXNZ369 深蓝 30","price":13700,"stock":10000,"image":"https://m.360buyimg.com/mobilecms/s720x720_jfs/t30892/263/313055374/557791/c98e9abc/5bef811aN036f7c3b.jpg!q70.jpg.webp","category":"牛仔裤","brand":"HMDIME","spec":"{\"颜色\": \"蓝色\", \"尺码\": \"30\"}","sold":0,"commentCount":0,"isAD":false,"status":1}]
16:36:14:079 DEBUG 15380 --- [http-nio-8082-exec-6] com.hmall.api.client.ItemClient          : [ItemClient#queryItemByIds] <--- END HTTP (828-byte body)
16:36:14:900 DEBUG 15380 --- [http-nio-8082-exec-7] c.h.cart.mapper.CartMapper.deleteById    : ==>  Preparing: DELETE FROM cart WHERE id=?
16:36:14:900 DEBUG 15380 --- [http-nio-8082-exec-7] c.h.cart.mapper.CartMapper.deleteById    : ==> Parameters: 12(Long)
16:36:14:906 DEBUG 15380 --- [http-nio-8082-exec-7] c.h.cart.mapper.CartMapper.deleteById    : <==    Updates: 1
16:36:14:939 DEBUG 15380 --- [http-nio-8082-exec-8] c.h.cart.mapper.CartMapper.selectList    : ==>  Preparing: SELECT id,user_id,item_id,num,name,spec,price,image,create_time,update_time FROM cart WHERE (user_id = ?)
16:36:14:939 DEBUG 15380 --- [http-nio-8082-exec-8] c.h.cart.mapper.CartMapper.selectList    : ==> Parameters: 1(Long)
16:36:14:942 DEBUG 15380 --- [http-nio-8082-exec-8] c.h.cart.mapper.CartMapper.selectList    : <==      Total: 1
16:36:14:943 DEBUG 15380 --- [http-nio-8082-exec-8] com.hmall.api.client.ItemClient          : [ItemClient#queryItemByIds] ---> GET http://item-service/items?ids=1533902 HTTP/1.1
16:36:14:943 DEBUG 15380 --- [http-nio-8082-exec-8] com.hmall.api.client.ItemClient          : [ItemClient#queryItemByIds] ---> END HTTP (0-byte body)
16:36:14:957 DEBUG 15380 --- [http-nio-8082-exec-8] com.hmall.api.client.ItemClient          : [ItemClient#queryItemByIds] <--- HTTP/1.1 200  (13ms)
16:36:14:957 DEBUG 15380 --- [http-nio-8082-exec-8] com.hmall.api.client.ItemClient          : [ItemClient#queryItemByIds] connection: keep-alive
16:36:14:957 DEBUG 15380 --- [http-nio-8082-exec-8] com.hmall.api.client.ItemClient          : [ItemClient#queryItemByIds] content-type: application/json
16:36:14:957 DEBUG 15380 --- [http-nio-8082-exec-8] com.hmall.api.client.ItemClient          : [ItemClient#queryItemByIds] date: Fri, 08 Mar 2024 08:36:14 GMT
16:36:14:957 DEBUG 15380 --- [http-nio-8082-exec-8] com.hmall.api.client.ItemClient          : [ItemClient#queryItemByIds] keep-alive: timeout=60
16:36:14:957 DEBUG 15380 --- [http-nio-8082-exec-8] com.hmall.api.client.ItemClient          : [ItemClient#queryItemByIds] transfer-encoding: chunked
16:36:14:957 DEBUG 15380 --- [http-nio-8082-exec-8] com.hmall.api.client.ItemClient          : [ItemClient#queryItemByIds] 
16:36:14:957 DEBUG 15380 --- [http-nio-8082-exec-8] com.hmall.api.client.ItemClient          : [ItemClient#queryItemByIds] [{"id":"1533902","name":"新西兰进口牛奶 纽仕兰 3.5g蛋白质全脂牛奶 250ml*24整箱装纯牛奶","price":9700,"stock":10000,"image":"https://m.360buyimg.com/mobilecms/s720x720_jfs/t3526/295/888755633/189982/16ea21b4/5816dce5N70820f42.jpg!q70.jpg.webp","category":"牛奶","brand":"纽仕兰","spec":"{}","sold":0,"commentCount":0,"isAD":false,"status":1}]
16:36:14:958 DEBUG 15380 --- [http-nio-8082-exec-8] com.hmall.api.client.ItemClient          : [ItemClient#queryItemByIds] <--- END HTTP (369-byte body)
16:36:22:031 DEBUG 15380 --- [http-nio-8082-exec-9] com.hmall.cart.mapper.CartMapper.delete  : ==>  Preparing: DELETE FROM cart WHERE (user_id = ? AND item_id IN (?))
16:36:22:033 DEBUG 15380 --- [http-nio-8082-exec-9] com.hmall.cart.mapper.CartMapper.delete  : ==> Parameters: 1(Long), 1533902(Long)
16:36:22:072 DEBUG 15380 --- [http-nio-8082-exec-9] com.hmall.cart.mapper.CartMapper.delete  : <==    Updates: 1
16:36:47:490 DEBUG 15380 --- [http-nio-8082-exec-1] c.h.cart.mapper.CartMapper.selectList    : ==>  Preparing: SELECT id,user_id,item_id,num,name,spec,price,image,create_time,update_time FROM cart WHERE (user_id = ?)
16:36:47:491 DEBUG 15380 --- [http-nio-8082-exec-1] c.h.cart.mapper.CartMapper.selectList    : ==> Parameters: 1(Long)
16:36:47:493 DEBUG 15380 --- [http-nio-8082-exec-1] c.h.cart.mapper.CartMapper.selectList    : <==      Total: 0
21:38:00:073  WARN 15380 --- [Thread-7] c.a.n.common.http.HttpClientBeanHolder   : [HttpClientBeanHolder] Start destroying common HttpClient
21:38:00:073  WARN 15380 --- [Thread-4] c.a.nacos.common.notify.NotifyCenter     : [NotifyCenter] Start destroying Publisher
21:38:00:112  WARN 15380 --- [Thread-4] c.a.nacos.common.notify.NotifyCenter     : [NotifyCenter] Destruction of the end
21:38:00:186  WARN 15380 --- [Thread-7] c.a.n.common.http.HttpClientBeanHolder   : [HttpClientBeanHolder] Destruction of the end
21:38:02:755  INFO 15380 --- [SpringApplicationShutdownHook] c.a.c.n.registry.NacosServiceRegistry    : De-registering from Nacos Server now...
21:38:02:835  INFO 15380 --- [SpringApplicationShutdownHook] c.a.c.n.registry.NacosServiceRegistry    : De-registration finished.
21:38:03:089  INFO 15380 --- [nacos-grpc-client-executor-3803] com.alibaba.nacos.common.remote.client   : [c4180fb8-912b-44b8-945b-11e41ab54123] Receive server push request, request = NotifySubscriberRequest, requestId = 92
21:38:03:189  INFO 15380 --- [nacos-grpc-client-executor-3803] com.alibaba.nacos.common.remote.client   : [c4180fb8-912b-44b8-945b-11e41ab54123] Ack server push request, request = NotifySubscriberRequest, requestId = 92
21:38:03:211  INFO 15380 --- [SpringApplicationShutdownHook] com.alibaba.nacos.common.remote.client   : Shutdown rpc client, set status to shutdown
21:38:03:215  INFO 15380 --- [SpringApplicationShutdownHook] com.alibaba.nacos.common.remote.client   : Shutdown client event executor java.util.concurrent.ScheduledThreadPoolExecutor@708bffd0[Running, pool size = 2, active threads = 2, queued tasks = 0, completed tasks = 0]
21:38:03:216  INFO 15380 --- [SpringApplicationShutdownHook] com.alibaba.nacos.common.remote.client   : Close current connection 1709886368037_192.168.200.1_51891
21:38:03:233  INFO 15380 --- [nacos-grpc-client-executor-3804] c.a.n.c.remote.client.grpc.GrpcClient    : [1709886368037_192.168.200.1_51891]Ignore complete event,isRunning:false,isAbandon=false
21:38:03:327  INFO 15380 --- [SpringApplicationShutdownHook] c.a.n.c.remote.client.grpc.GrpcClient    : Shutdown grpc executor java.util.concurrent.ThreadPoolExecutor@42deb79f[Running, pool size = 7, active threads = 0, queued tasks = 0, completed tasks = 3805]
21:38:03:374  INFO 15380 --- [SpringApplicationShutdownHook] com.zaxxer.hikari.HikariDataSource       : HikariPool-1 - Shutdown initiated...
21:38:03:482  INFO 15380 --- [SpringApplicationShutdownHook] com.zaxxer.hikari.HikariDataSource       : HikariPool-1 - Shutdown completed.
